-- Found ament_cmake: 1.3.10 (/opt/ros/humble/share/ament_cmake/cmake)
-- Override CMake install command with custom implementation using symlinks instead of copying resources
-- Configuring done
-- Generating done
-- Build files have been written to: /home/utk/dock_ws/build/bot_bringup
-- Install configuration: ""
-- Execute custom install script
-- Up-to-date symlink: /home/utk/dock_ws/install/bot_bringup/share/bot_bringup/launch/simulation.launch.py
-- Symlinking: /home/utk/dock_ws/install/bot_bringup/share/bot_bringup/maps/my_house.pgm
-- Symlinking: /home/utk/dock_ws/install/bot_bringup/share/bot_bringup/maps/my_house.yaml
-- Symlinking: /home/utk/dock_ws/install/bot_bringup/share/bot_bringup/rviz/config.rviz
-- Up-to-date symlink: /home/utk/dock_ws/install/bot_bringup/share/ament_index/resource_index/package_run_dependencies/bot_bringup
-- Up-to-date symlink: /home/utk/dock_ws/install/bot_bringup/share/ament_index/resource_index/parent_prefix_path/bot_bringup
-- Up-to-date symlink: /home/utk/dock_ws/install/bot_bringup/share/bot_bringup/environment/ament_prefix_path.sh
-- Up-to-date symlink: /home/utk/dock_ws/install/bot_bringup/share/bot_bringup/environment/ament_prefix_path.dsv
-- Up-to-date symlink: /home/utk/dock_ws/install/bot_bringup/share/bot_bringup/environment/path.sh
-- Up-to-date symlink: /home/utk/dock_ws/install/bot_bringup/share/bot_bringup/environment/path.dsv
-- Up-to-date symlink: /home/utk/dock_ws/install/bot_bringup/share/bot_bringup/local_setup.bash
-- Up-to-date symlink: /home/utk/dock_ws/install/bot_bringup/share/bot_bringup/local_setup.sh
-- Up-to-date symlink: /home/utk/dock_ws/install/bot_bringup/share/bot_bringup/local_setup.zsh
-- Up-to-date symlink: /home/utk/dock_ws/install/bot_bringup/share/bot_bringup/local_setup.dsv
-- Symlinking: /home/utk/dock_ws/install/bot_bringup/share/bot_bringup/package.dsv
-- Up-to-date symlink: /home/utk/dock_ws/install/bot_bringup/share/ament_index/resource_index/packages/bot_bringup
-- Up-to-date symlink: /home/utk/dock_ws/install/bot_bringup/share/bot_bringup/cmake/bot_bringupConfig.cmake
-- Up-to-date symlink: /home/utk/dock_ws/install/bot_bringup/share/bot_bringup/cmake/bot_bringupConfig-version.cmake
-- Up-to-date symlink: /home/utk/dock_ws/install/bot_bringup/share/bot_bringup/package.xml
