[0.142s] DEBUG:colcon:Command line arguments: ['/usr/bin/colcon', 'list', '-p', '--base-paths', '/home/utk/dock_ws']
[0.142s] DEBUG:colcon:Parsed command line arguments: Namespace(log_base=None, log_level=None, verb_name='list', build_base='build', ignore_user_meta=False, metas=['./colcon.meta'], base_paths=['/home/utk/dock_ws'], packages_ignore=None, packages_ignore_regex=None, paths=None, packages_up_to=None, packages_up_to_regex=None, packages_above=None, packages_above_and_dependencies=None, packages_above_depth=None, packages_select_by_dep=None, packages_skip_by_dep=None, packages_skip_up_to=None, packages_select_build_failed=False, packages_skip_build_finished=False, packages_select_test_failures=False, packages_skip_test_passed=False, packages_select=None, packages_skip=None, packages_select_regex=None, packages_skip_regex=None, packages_start=None, packages_end=None, allow_overriding=[], topological_order=False, names_only=False, paths_only=True, topological_graph=False, topological_graph_dot=False, topological_graph_density=False, topological_graph_legend=False, topological_graph_dot_cluster=False, topological_graph_dot_include_skipped=False, verb_parser=<colcon_defaults.argument_parser.defaults.DefaultArgumentsDecorator object at 0x7214c4aa0280>, verb_extension=<colcon_package_information.verb.list.ListVerb object at 0x7214c4a57310>, main=<bound method ListVerb.main of <colcon_package_information.verb.list.ListVerb object at 0x7214c4a57310>>)
[0.358s] Level 1:colcon.colcon_core.package_discovery:discover_packages(colcon_meta) check parameters
[0.358s] Level 1:colcon.colcon_core.package_discovery:discover_packages(recursive) check parameters
[0.358s] Level 1:colcon.colcon_core.package_discovery:discover_packages(ignore) check parameters
[0.358s] Level 1:colcon.colcon_core.package_discovery:discover_packages(path) check parameters
[0.358s] Level 1:colcon.colcon_core.package_discovery:discover_packages(recursive) discover
[0.358s] INFO:colcon.colcon_core.package_discovery:Crawling recursively for packages in '/home/utk/dock_ws'
[0.358s] Level 1:colcon.colcon_core.package_identification:_identify(/home/utk/dock_ws) by extensions ['ignore', 'ignore_ament_install']
[0.358s] Level 1:colcon.colcon_core.package_identification:_identify(/home/utk/dock_ws) by extension 'ignore'
[0.359s] Level 1:colcon.colcon_core.package_identification:_identify(/home/utk/dock_ws) by extension 'ignore_ament_install'
[0.359s] Level 1:colcon.colcon_core.package_identification:_identify(/home/utk/dock_ws) by extensions ['colcon_pkg']
[0.359s] Level 1:colcon.colcon_core.package_identification:_identify(/home/utk/dock_ws) by extension 'colcon_pkg'
[0.359s] Level 1:colcon.colcon_core.package_identification:_identify(/home/utk/dock_ws) by extensions ['colcon_meta']
[0.359s] Level 1:colcon.colcon_core.package_identification:_identify(/home/utk/dock_ws) by extension 'colcon_meta'
[0.359s] Level 1:colcon.colcon_core.package_identification:_identify(/home/utk/dock_ws) by extensions ['ros']
[0.359s] Level 1:colcon.colcon_core.package_identification:_identify(/home/utk/dock_ws) by extension 'ros'
[0.370s] Level 1:colcon.colcon_core.package_identification:_identify(/home/utk/dock_ws) by extensions ['cmake', 'python']
[0.370s] Level 1:colcon.colcon_core.package_identification:_identify(/home/utk/dock_ws) by extension 'cmake'
[0.370s] Level 1:colcon.colcon_core.package_identification:_identify(/home/utk/dock_ws) by extension 'python'
[0.370s] Level 1:colcon.colcon_core.package_identification:_identify(/home/utk/dock_ws) by extensions ['python_setup_py']
[0.370s] Level 1:colcon.colcon_core.package_identification:_identify(/home/utk/dock_ws) by extension 'python_setup_py'
[0.370s] Level 1:colcon.colcon_core.package_identification:_identify(/home/utk/dock_ws/build) by extensions ['ignore', 'ignore_ament_install']
[0.370s] Level 1:colcon.colcon_core.package_identification:_identify(/home/utk/dock_ws/build) by extension 'ignore'
[0.370s] Level 1:colcon.colcon_core.package_identification:_identify(/home/utk/dock_ws/build) ignored
[0.371s] Level 1:colcon.colcon_core.package_identification:_identify(/home/utk/dock_ws/install) by extensions ['ignore', 'ignore_ament_install']
[0.371s] Level 1:colcon.colcon_core.package_identification:_identify(/home/utk/dock_ws/install) by extension 'ignore'
[0.371s] Level 1:colcon.colcon_core.package_identification:_identify(/home/utk/dock_ws/install) ignored
[0.371s] Level 1:colcon.colcon_core.package_identification:_identify(/home/utk/dock_ws/log) by extensions ['ignore', 'ignore_ament_install']
[0.371s] Level 1:colcon.colcon_core.package_identification:_identify(/home/utk/dock_ws/log) by extension 'ignore'
[0.371s] Level 1:colcon.colcon_core.package_identification:_identify(/home/utk/dock_ws/log) ignored
[0.371s] Level 1:colcon.colcon_core.package_identification:_identify(/home/utk/dock_ws/src) by extensions ['ignore', 'ignore_ament_install']
[0.371s] Level 1:colcon.colcon_core.package_identification:_identify(/home/utk/dock_ws/src) by extension 'ignore'
[0.371s] Level 1:colcon.colcon_core.package_identification:_identify(/home/utk/dock_ws/src) by extension 'ignore_ament_install'
[0.371s] Level 1:colcon.colcon_core.package_identification:_identify(/home/utk/dock_ws/src) by extensions ['colcon_pkg']
[0.371s] Level 1:colcon.colcon_core.package_identification:_identify(/home/utk/dock_ws/src) by extension 'colcon_pkg'
[0.371s] Level 1:colcon.colcon_core.package_identification:_identify(/home/utk/dock_ws/src) by extensions ['colcon_meta']
[0.371s] Level 1:colcon.colcon_core.package_identification:_identify(/home/utk/dock_ws/src) by extension 'colcon_meta'
[0.371s] Level 1:colcon.colcon_core.package_identification:_identify(/home/utk/dock_ws/src) by extensions ['ros']
[0.371s] Level 1:colcon.colcon_core.package_identification:_identify(/home/utk/dock_ws/src) by extension 'ros'
[0.371s] Level 1:colcon.colcon_core.package_identification:_identify(/home/utk/dock_ws/src) by extensions ['cmake', 'python']
[0.371s] Level 1:colcon.colcon_core.package_identification:_identify(/home/utk/dock_ws/src) by extension 'cmake'
[0.371s] Level 1:colcon.colcon_core.package_identification:_identify(/home/utk/dock_ws/src) by extension 'python'
[0.371s] Level 1:colcon.colcon_core.package_identification:_identify(/home/utk/dock_ws/src) by extensions ['python_setup_py']
[0.371s] Level 1:colcon.colcon_core.package_identification:_identify(/home/utk/dock_ws/src) by extension 'python_setup_py'
[0.372s] Level 1:colcon.colcon_core.package_identification:_identify(/home/utk/dock_ws/src/bot_bringup) by extensions ['ignore', 'ignore_ament_install']
[0.372s] Level 1:colcon.colcon_core.package_identification:_identify(/home/utk/dock_ws/src/bot_bringup) by extension 'ignore'
[0.372s] Level 1:colcon.colcon_core.package_identification:_identify(/home/utk/dock_ws/src/bot_bringup) by extension 'ignore_ament_install'
[0.372s] Level 1:colcon.colcon_core.package_identification:_identify(/home/utk/dock_ws/src/bot_bringup) by extensions ['colcon_pkg']
[0.372s] Level 1:colcon.colcon_core.package_identification:_identify(/home/utk/dock_ws/src/bot_bringup) by extension 'colcon_pkg'
[0.372s] Level 1:colcon.colcon_core.package_identification:_identify(/home/utk/dock_ws/src/bot_bringup) by extensions ['colcon_meta']
[0.372s] Level 1:colcon.colcon_core.package_identification:_identify(/home/utk/dock_ws/src/bot_bringup) by extension 'colcon_meta'
[0.372s] Level 1:colcon.colcon_core.package_identification:_identify(/home/utk/dock_ws/src/bot_bringup) by extensions ['ros']
[0.372s] Level 1:colcon.colcon_core.package_identification:_identify(/home/utk/dock_ws/src/bot_bringup) by extension 'ros'
[0.376s] DEBUG:colcon.colcon_core.package_identification:Package '/home/utk/dock_ws/src/bot_bringup' with type 'ros.ament_cmake' and name 'bot_bringup'
[0.376s] Level 1:colcon.colcon_core.package_identification:_identify(/home/utk/dock_ws/src/bot_description) by extensions ['ignore', 'ignore_ament_install']
[0.376s] Level 1:colcon.colcon_core.package_identification:_identify(/home/utk/dock_ws/src/bot_description) by extension 'ignore'
[0.376s] Level 1:colcon.colcon_core.package_identification:_identify(/home/utk/dock_ws/src/bot_description) by extension 'ignore_ament_install'
[0.376s] Level 1:colcon.colcon_core.package_identification:_identify(/home/utk/dock_ws/src/bot_description) by extensions ['colcon_pkg']
[0.376s] Level 1:colcon.colcon_core.package_identification:_identify(/home/utk/dock_ws/src/bot_description) by extension 'colcon_pkg'
[0.376s] Level 1:colcon.colcon_core.package_identification:_identify(/home/utk/dock_ws/src/bot_description) by extensions ['colcon_meta']
[0.376s] Level 1:colcon.colcon_core.package_identification:_identify(/home/utk/dock_ws/src/bot_description) by extension 'colcon_meta'
[0.376s] Level 1:colcon.colcon_core.package_identification:_identify(/home/utk/dock_ws/src/bot_description) by extensions ['ros']
[0.376s] Level 1:colcon.colcon_core.package_identification:_identify(/home/utk/dock_ws/src/bot_description) by extension 'ros'
[0.377s] DEBUG:colcon.colcon_core.package_identification:Package '/home/utk/dock_ws/src/bot_description' with type 'ros.ament_cmake' and name 'bot_description'
[0.378s] Level 1:colcon.colcon_core.package_identification:_identify(/home/utk/dock_ws/src/bot_script) by extensions ['ignore', 'ignore_ament_install']
[0.378s] Level 1:colcon.colcon_core.package_identification:_identify(/home/utk/dock_ws/src/bot_script) by extension 'ignore'
[0.378s] Level 1:colcon.colcon_core.package_identification:_identify(/home/utk/dock_ws/src/bot_script) by extension 'ignore_ament_install'
[0.378s] Level 1:colcon.colcon_core.package_identification:_identify(/home/utk/dock_ws/src/bot_script) by extensions ['colcon_pkg']
[0.378s] Level 1:colcon.colcon_core.package_identification:_identify(/home/utk/dock_ws/src/bot_script) by extension 'colcon_pkg'
[0.378s] Level 1:colcon.colcon_core.package_identification:_identify(/home/utk/dock_ws/src/bot_script) by extensions ['colcon_meta']
[0.378s] Level 1:colcon.colcon_core.package_identification:_identify(/home/utk/dock_ws/src/bot_script) by extension 'colcon_meta'
[0.378s] Level 1:colcon.colcon_core.package_identification:_identify(/home/utk/dock_ws/src/bot_script) by extensions ['ros']
[0.378s] Level 1:colcon.colcon_core.package_identification:_identify(/home/utk/dock_ws/src/bot_script) by extension 'ros'
[0.379s] DEBUG:colcon.colcon_core.package_identification:Package '/home/utk/dock_ws/src/bot_script' with type 'ros.ament_python' and name 'bot_script'
[0.379s] Level 1:colcon.colcon_core.package_discovery:discover_packages(recursive) using defaults
