[0.022s] Invoking command in '/home/utk/dock_ws/build/bot_bringup': CMAKE_PREFIX_PATH=${CMAKE_PREFIX_PATH}:/home/utk/dock_ws/install/bot_script:/home/utk/docking_ws/install/bot_navigation:/home/utk/colcon_ws/install/ur5_control:/home/utk/ros2_ws/install/rover_logic:/home/utk/ros2_ws/install/prius_logic:/home/utk/ros2_ws/install/prius_line_following:/home/utk/ros2_ws/install/opencv_py:/home/utk/ros2_ws/install/nav2_py:/home/utk/ros2_ws/install/my_turtle_project:/home/utk/ros2_ws/install/my_turtle_bot:/home/utk/ros2_ws/install/my_py_pkg:/home/utk/ros2_ws/install/actions_py_pkg:/home/utk/ros2_ws/install/lifecycle_py:/home/utk/ros2_ws/install/executors_py:/home/utk/ros2_ws/install/components_py:/home/utk/bumperbot_ws/install/bumperbot_vision:/home/utk/bumperbot_ws/install/bumperbot_utils:/home/utk/bumperbot_ws/install/bumperbot_py_examples:/home/utk/bumperbot_ws/install/bumperbot_py:/home/utk/arduinobot_ws/install/arduinobot_py_examples:/home/utk/arduinobot_ws/install/arduinobot_py:/opt/ros/humble /usr/bin/cmake --build /home/utk/dock_ws/build/bot_bringup -- -j16 -l16
[0.245s] Invoked command in '/home/utk/dock_ws/build/bot_bringup' returned '0': CMAKE_PREFIX_PATH=${CMAKE_PREFIX_PATH}:/home/utk/dock_ws/install/bot_script:/home/utk/docking_ws/install/bot_navigation:/home/utk/colcon_ws/install/ur5_control:/home/utk/ros2_ws/install/rover_logic:/home/utk/ros2_ws/install/prius_logic:/home/utk/ros2_ws/install/prius_line_following:/home/utk/ros2_ws/install/opencv_py:/home/utk/ros2_ws/install/nav2_py:/home/utk/ros2_ws/install/my_turtle_project:/home/utk/ros2_ws/install/my_turtle_bot:/home/utk/ros2_ws/install/my_py_pkg:/home/utk/ros2_ws/install/actions_py_pkg:/home/utk/ros2_ws/install/lifecycle_py:/home/utk/ros2_ws/install/executors_py:/home/utk/ros2_ws/install/components_py:/home/utk/bumperbot_ws/install/bumperbot_vision:/home/utk/bumperbot_ws/install/bumperbot_utils:/home/utk/bumperbot_ws/install/bumperbot_py_examples:/home/utk/bumperbot_ws/install/bumperbot_py:/home/utk/arduinobot_ws/install/arduinobot_py_examples:/home/utk/arduinobot_ws/install/arduinobot_py:/opt/ros/humble /usr/bin/cmake --build /home/utk/dock_ws/build/bot_bringup -- -j16 -l16
[0.269s] Invoking command in '/home/utk/dock_ws/build/bot_bringup': CMAKE_PREFIX_PATH=${CMAKE_PREFIX_PATH}:/home/utk/dock_ws/install/bot_script:/home/utk/docking_ws/install/bot_navigation:/home/utk/colcon_ws/install/ur5_control:/home/utk/ros2_ws/install/rover_logic:/home/utk/ros2_ws/install/prius_logic:/home/utk/ros2_ws/install/prius_line_following:/home/utk/ros2_ws/install/opencv_py:/home/utk/ros2_ws/install/nav2_py:/home/utk/ros2_ws/install/my_turtle_project:/home/utk/ros2_ws/install/my_turtle_bot:/home/utk/ros2_ws/install/my_py_pkg:/home/utk/ros2_ws/install/actions_py_pkg:/home/utk/ros2_ws/install/lifecycle_py:/home/utk/ros2_ws/install/executors_py:/home/utk/ros2_ws/install/components_py:/home/utk/bumperbot_ws/install/bumperbot_vision:/home/utk/bumperbot_ws/install/bumperbot_utils:/home/utk/bumperbot_ws/install/bumperbot_py_examples:/home/utk/bumperbot_ws/install/bumperbot_py:/home/utk/arduinobot_ws/install/arduinobot_py_examples:/home/utk/arduinobot_ws/install/arduinobot_py:/opt/ros/humble /usr/bin/cmake --install /home/utk/dock_ws/build/bot_bringup
[0.275s] -- Install configuration: ""
[0.275s] -- Execute custom install script
[0.275s] -- Up-to-date symlink: /home/utk/dock_ws/install/bot_bringup/share/bot_bringup/launch/simulation.launch.py
[0.275s] -- Up-to-date symlink: /home/utk/dock_ws/install/bot_bringup/share/ament_index/resource_index/package_run_dependencies/bot_bringup
[0.275s] -- Up-to-date symlink: /home/utk/dock_ws/install/bot_bringup/share/ament_index/resource_index/parent_prefix_path/bot_bringup
[0.275s] -- Up-to-date symlink: /home/utk/dock_ws/install/bot_bringup/share/bot_bringup/environment/ament_prefix_path.sh
[0.275s] -- Up-to-date symlink: /home/utk/dock_ws/install/bot_bringup/share/bot_bringup/environment/ament_prefix_path.dsv
[0.275s] -- Up-to-date symlink: /home/utk/dock_ws/install/bot_bringup/share/bot_bringup/environment/path.sh
[0.275s] -- Up-to-date symlink: /home/utk/dock_ws/install/bot_bringup/share/bot_bringup/environment/path.dsv
[0.276s] -- Up-to-date symlink: /home/utk/dock_ws/install/bot_bringup/share/bot_bringup/local_setup.bash
[0.276s] -- Up-to-date symlink: /home/utk/dock_ws/install/bot_bringup/share/bot_bringup/local_setup.sh
[0.276s] -- Up-to-date symlink: /home/utk/dock_ws/install/bot_bringup/share/bot_bringup/local_setup.zsh
[0.276s] -- Up-to-date symlink: /home/utk/dock_ws/install/bot_bringup/share/bot_bringup/local_setup.dsv
[0.276s] -- Symlinking: /home/utk/dock_ws/install/bot_bringup/share/bot_bringup/package.dsv
[0.282s] -- Up-to-date symlink: /home/utk/dock_ws/install/bot_bringup/share/ament_index/resource_index/packages/bot_bringup
[0.282s] -- Up-to-date symlink: /home/utk/dock_ws/install/bot_bringup/share/bot_bringup/cmake/bot_bringupConfig.cmake
[0.282s] -- Up-to-date symlink: /home/utk/dock_ws/install/bot_bringup/share/bot_bringup/cmake/bot_bringupConfig-version.cmake
[0.282s] -- Up-to-date symlink: /home/utk/dock_ws/install/bot_bringup/share/bot_bringup/package.xml
[0.284s] Invoked command in '/home/utk/dock_ws/build/bot_bringup' returned '0': CMAKE_PREFIX_PATH=${CMAKE_PREFIX_PATH}:/home/utk/dock_ws/install/bot_script:/home/utk/docking_ws/install/bot_navigation:/home/utk/colcon_ws/install/ur5_control:/home/utk/ros2_ws/install/rover_logic:/home/utk/ros2_ws/install/prius_logic:/home/utk/ros2_ws/install/prius_line_following:/home/utk/ros2_ws/install/opencv_py:/home/utk/ros2_ws/install/nav2_py:/home/utk/ros2_ws/install/my_turtle_project:/home/utk/ros2_ws/install/my_turtle_bot:/home/utk/ros2_ws/install/my_py_pkg:/home/utk/ros2_ws/install/actions_py_pkg:/home/utk/ros2_ws/install/lifecycle_py:/home/utk/ros2_ws/install/executors_py:/home/utk/ros2_ws/install/components_py:/home/utk/bumperbot_ws/install/bumperbot_vision:/home/utk/bumperbot_ws/install/bumperbot_utils:/home/utk/bumperbot_ws/install/bumperbot_py_examples:/home/utk/bumperbot_ws/install/bumperbot_py:/home/utk/arduinobot_ws/install/arduinobot_py_examples:/home/utk/arduinobot_ws/install/arduinobot_py:/opt/ros/humble /usr/bin/cmake --install /home/utk/dock_ws/build/bot_bringup
