[0.016s] Invoking command in '/home/utk/dock_ws/build/bot_description': CMAKE_PREFIX_PATH=${CMAKE_PREFIX_PATH}:/home/utk/dock_ws/install/bot_script:/home/utk/docking_ws/install/bot_navigation:/home/utk/colcon_ws/install/ur5_control:/home/utk/ros2_ws/install/rover_logic:/home/utk/ros2_ws/install/prius_logic:/home/utk/ros2_ws/install/prius_line_following:/home/utk/ros2_ws/install/opencv_py:/home/utk/ros2_ws/install/nav2_py:/home/utk/ros2_ws/install/my_turtle_project:/home/utk/ros2_ws/install/my_turtle_bot:/home/utk/ros2_ws/install/my_py_pkg:/home/utk/ros2_ws/install/actions_py_pkg:/home/utk/ros2_ws/install/lifecycle_py:/home/utk/ros2_ws/install/executors_py:/home/utk/ros2_ws/install/components_py:/home/utk/bumperbot_ws/install/bumperbot_vision:/home/utk/bumperbot_ws/install/bumperbot_utils:/home/utk/bumperbot_ws/install/bumperbot_py_examples:/home/utk/bumperbot_ws/install/bumperbot_py:/home/utk/arduinobot_ws/install/arduinobot_py_examples:/home/utk/arduinobot_ws/install/arduinobot_py:/opt/ros/humble /usr/bin/cmake /home/utk/dock_ws/src/bot_description -DAMENT_CMAKE_SYMLINK_INSTALL=1 -DCMAKE_INSTALL_PREFIX=/home/utk/dock_ws/install/bot_description
[0.054s] -- The C compiler identification is GNU 11.4.0
[0.089s] -- The CXX compiler identification is GNU 11.4.0
[0.094s] -- Detecting C compiler ABI info
[0.144s] -- Detecting C compiler ABI info - done
[0.149s] -- Check for working C compiler: /usr/bin/cc - skipped
[0.149s] -- Detecting C compile features
[0.149s] -- Detecting C compile features - done
[0.151s] -- Detecting CXX compiler ABI info
[0.209s] -- Detecting CXX compiler ABI info - done
[0.214s] -- Check for working CXX compiler: /usr/bin/c++ - skipped
[0.215s] -- Detecting CXX compile features
[0.215s] -- Detecting CXX compile features - done
[0.220s] -- Found ament_cmake: 1.3.10 (/opt/ros/humble/share/ament_cmake/cmake)
[0.369s] -- Found Python3: /usr/bin/python3 (found version "3.10.12") found components: Interpreter 
[0.422s] -- Override CMake install command with custom implementation using symlinks instead of copying resources
[0.531s] -- Configuring done
[0.532s] -- Generating done
[0.533s] -- Build files have been written to: /home/utk/dock_ws/build/bot_description
[0.536s] Invoked command in '/home/utk/dock_ws/build/bot_description' returned '0': CMAKE_PREFIX_PATH=${CMAKE_PREFIX_PATH}:/home/utk/dock_ws/install/bot_script:/home/utk/docking_ws/install/bot_navigation:/home/utk/colcon_ws/install/ur5_control:/home/utk/ros2_ws/install/rover_logic:/home/utk/ros2_ws/install/prius_logic:/home/utk/ros2_ws/install/prius_line_following:/home/utk/ros2_ws/install/opencv_py:/home/utk/ros2_ws/install/nav2_py:/home/utk/ros2_ws/install/my_turtle_project:/home/utk/ros2_ws/install/my_turtle_bot:/home/utk/ros2_ws/install/my_py_pkg:/home/utk/ros2_ws/install/actions_py_pkg:/home/utk/ros2_ws/install/lifecycle_py:/home/utk/ros2_ws/install/executors_py:/home/utk/ros2_ws/install/components_py:/home/utk/bumperbot_ws/install/bumperbot_vision:/home/utk/bumperbot_ws/install/bumperbot_utils:/home/utk/bumperbot_ws/install/bumperbot_py_examples:/home/utk/bumperbot_ws/install/bumperbot_py:/home/utk/arduinobot_ws/install/arduinobot_py_examples:/home/utk/arduinobot_ws/install/arduinobot_py:/opt/ros/humble /usr/bin/cmake /home/utk/dock_ws/src/bot_description -DAMENT_CMAKE_SYMLINK_INSTALL=1 -DCMAKE_INSTALL_PREFIX=/home/utk/dock_ws/install/bot_description
[0.537s] Invoking command in '/home/utk/dock_ws/build/bot_description': CMAKE_PREFIX_PATH=${CMAKE_PREFIX_PATH}:/home/utk/dock_ws/install/bot_script:/home/utk/docking_ws/install/bot_navigation:/home/utk/colcon_ws/install/ur5_control:/home/utk/ros2_ws/install/rover_logic:/home/utk/ros2_ws/install/prius_logic:/home/utk/ros2_ws/install/prius_line_following:/home/utk/ros2_ws/install/opencv_py:/home/utk/ros2_ws/install/nav2_py:/home/utk/ros2_ws/install/my_turtle_project:/home/utk/ros2_ws/install/my_turtle_bot:/home/utk/ros2_ws/install/my_py_pkg:/home/utk/ros2_ws/install/actions_py_pkg:/home/utk/ros2_ws/install/lifecycle_py:/home/utk/ros2_ws/install/executors_py:/home/utk/ros2_ws/install/components_py:/home/utk/bumperbot_ws/install/bumperbot_vision:/home/utk/bumperbot_ws/install/bumperbot_utils:/home/utk/bumperbot_ws/install/bumperbot_py_examples:/home/utk/bumperbot_ws/install/bumperbot_py:/home/utk/arduinobot_ws/install/arduinobot_py_examples:/home/utk/arduinobot_ws/install/arduinobot_py:/opt/ros/humble /usr/bin/cmake --build /home/utk/dock_ws/build/bot_description -- -j16 -l16
[0.562s] Invoked command in '/home/utk/dock_ws/build/bot_description' returned '0': CMAKE_PREFIX_PATH=${CMAKE_PREFIX_PATH}:/home/utk/dock_ws/install/bot_script:/home/utk/docking_ws/install/bot_navigation:/home/utk/colcon_ws/install/ur5_control:/home/utk/ros2_ws/install/rover_logic:/home/utk/ros2_ws/install/prius_logic:/home/utk/ros2_ws/install/prius_line_following:/home/utk/ros2_ws/install/opencv_py:/home/utk/ros2_ws/install/nav2_py:/home/utk/ros2_ws/install/my_turtle_project:/home/utk/ros2_ws/install/my_turtle_bot:/home/utk/ros2_ws/install/my_py_pkg:/home/utk/ros2_ws/install/actions_py_pkg:/home/utk/ros2_ws/install/lifecycle_py:/home/utk/ros2_ws/install/executors_py:/home/utk/ros2_ws/install/components_py:/home/utk/bumperbot_ws/install/bumperbot_vision:/home/utk/bumperbot_ws/install/bumperbot_utils:/home/utk/bumperbot_ws/install/bumperbot_py_examples:/home/utk/bumperbot_ws/install/bumperbot_py:/home/utk/arduinobot_ws/install/arduinobot_py_examples:/home/utk/arduinobot_ws/install/arduinobot_py:/opt/ros/humble /usr/bin/cmake --build /home/utk/dock_ws/build/bot_description -- -j16 -l16
[0.580s] Invoking command in '/home/utk/dock_ws/build/bot_description': CMAKE_PREFIX_PATH=${CMAKE_PREFIX_PATH}:/home/utk/dock_ws/install/bot_script:/home/utk/docking_ws/install/bot_navigation:/home/utk/colcon_ws/install/ur5_control:/home/utk/ros2_ws/install/rover_logic:/home/utk/ros2_ws/install/prius_logic:/home/utk/ros2_ws/install/prius_line_following:/home/utk/ros2_ws/install/opencv_py:/home/utk/ros2_ws/install/nav2_py:/home/utk/ros2_ws/install/my_turtle_project:/home/utk/ros2_ws/install/my_turtle_bot:/home/utk/ros2_ws/install/my_py_pkg:/home/utk/ros2_ws/install/actions_py_pkg:/home/utk/ros2_ws/install/lifecycle_py:/home/utk/ros2_ws/install/executors_py:/home/utk/ros2_ws/install/components_py:/home/utk/bumperbot_ws/install/bumperbot_vision:/home/utk/bumperbot_ws/install/bumperbot_utils:/home/utk/bumperbot_ws/install/bumperbot_py_examples:/home/utk/bumperbot_ws/install/bumperbot_py:/home/utk/arduinobot_ws/install/arduinobot_py_examples:/home/utk/arduinobot_ws/install/arduinobot_py:/opt/ros/humble /usr/bin/cmake --install /home/utk/dock_ws/build/bot_description
[0.586s] -- Install configuration: ""
[0.586s] -- Execute custom install script
[0.586s] -- Symlinking: /home/utk/dock_ws/install/bot_description/share/bot_description//launch/robot_state_publisher.launch.py
[0.592s] -- Symlinking: /home/utk/dock_ws/install/bot_description/share/bot_description//launch/spawn_turtlebot3.launch.py
[0.597s] -- Symlinking: /home/utk/dock_ws/install/bot_description/share/bot_description//launch/turtlebot3_house.launch.py
[0.603s] -- Symlinking: /home/utk/dock_ws/install/bot_description/share/bot_description//models/turtlebot3_common/meshes/burger_base.dae
[0.608s] -- Symlinking: /home/utk/dock_ws/install/bot_description/share/bot_description//models/turtlebot3_common/meshes/lds.dae
[0.614s] -- Symlinking: /home/utk/dock_ws/install/bot_description/share/bot_description//models/turtlebot3_common/meshes/r200.dae
[0.619s] -- Symlinking: /home/utk/dock_ws/install/bot_description/share/bot_description//models/turtlebot3_common/meshes/tire.dae
[0.625s] -- Symlinking: /home/utk/dock_ws/install/bot_description/share/bot_description//models/turtlebot3_common/meshes/waffle_base.dae
[0.631s] -- Symlinking: /home/utk/dock_ws/install/bot_description/share/bot_description//models/turtlebot3_common/meshes/waffle_pi_base.dae
[0.636s] -- Symlinking: /home/utk/dock_ws/install/bot_description/share/bot_description//models/turtlebot3_common/model.config
[0.642s] -- Symlinking: /home/utk/dock_ws/install/bot_description/share/bot_description//models/turtlebot3_house/model.config
[0.647s] -- Symlinking: /home/utk/dock_ws/install/bot_description/share/bot_description//models/turtlebot3_house/model.sdf
[0.653s] -- Symlinking: /home/utk/dock_ws/install/bot_description/share/bot_description//models/turtlebot3_waffle/model-1_4.sdf
[0.659s] -- Symlinking: /home/utk/dock_ws/install/bot_description/share/bot_description//models/turtlebot3_waffle/model.config
[0.664s] -- Symlinking: /home/utk/dock_ws/install/bot_description/share/bot_description//models/turtlebot3_waffle/model.sdf
[0.670s] -- Symlinking: /home/utk/dock_ws/install/bot_description/share/bot_description//rviz/config.rviz
[0.676s] -- Symlinking: /home/utk/dock_ws/install/bot_description/share/bot_description//urdf/common_properties.urdf
[0.681s] -- Symlinking: /home/utk/dock_ws/install/bot_description/share/bot_description//urdf/turtlebot3_waffle.urdf
[0.687s] -- Symlinking: /home/utk/dock_ws/install/bot_description/share/bot_description//worlds/turtlebot3_house.world
[0.693s] -- Symlinking: /home/utk/dock_ws/install/bot_description/share/bot_description//maps/my_house.pgm
[0.699s] -- Symlinking: /home/utk/dock_ws/install/bot_description/share/bot_description//maps/my_house.yaml
[0.705s] -- Symlinking: /home/utk/dock_ws/install/bot_description/share/ament_index/resource_index/package_run_dependencies/bot_description
[0.711s] -- Symlinking: /home/utk/dock_ws/install/bot_description/share/ament_index/resource_index/parent_prefix_path/bot_description
[0.716s] -- Symlinking: /home/utk/dock_ws/install/bot_description/share/bot_description/environment/ament_prefix_path.sh
[0.722s] -- Symlinking: /home/utk/dock_ws/install/bot_description/share/bot_description/environment/ament_prefix_path.dsv
[0.728s] -- Symlinking: /home/utk/dock_ws/install/bot_description/share/bot_description/environment/path.sh
[0.734s] -- Symlinking: /home/utk/dock_ws/install/bot_description/share/bot_description/environment/path.dsv
[0.739s] -- Symlinking: /home/utk/dock_ws/install/bot_description/share/bot_description/local_setup.bash
[0.745s] -- Symlinking: /home/utk/dock_ws/install/bot_description/share/bot_description/local_setup.sh
[0.750s] -- Symlinking: /home/utk/dock_ws/install/bot_description/share/bot_description/local_setup.zsh
[0.756s] -- Symlinking: /home/utk/dock_ws/install/bot_description/share/bot_description/local_setup.dsv
[0.761s] -- Symlinking: /home/utk/dock_ws/install/bot_description/share/bot_description/package.dsv
[0.767s] -- Symlinking: /home/utk/dock_ws/install/bot_description/share/ament_index/resource_index/packages/bot_description
[0.772s] -- Symlinking: /home/utk/dock_ws/install/bot_description/share/bot_description/cmake/bot_descriptionConfig.cmake
[0.778s] -- Symlinking: /home/utk/dock_ws/install/bot_description/share/bot_description/cmake/bot_descriptionConfig-version.cmake
[0.783s] -- Symlinking: /home/utk/dock_ws/install/bot_description/share/bot_description/package.xml
[0.790s] Invoked command in '/home/utk/dock_ws/build/bot_description' returned '0': CMAKE_PREFIX_PATH=${CMAKE_PREFIX_PATH}:/home/utk/dock_ws/install/bot_script:/home/utk/docking_ws/install/bot_navigation:/home/utk/colcon_ws/install/ur5_control:/home/utk/ros2_ws/install/rover_logic:/home/utk/ros2_ws/install/prius_logic:/home/utk/ros2_ws/install/prius_line_following:/home/utk/ros2_ws/install/opencv_py:/home/utk/ros2_ws/install/nav2_py:/home/utk/ros2_ws/install/my_turtle_project:/home/utk/ros2_ws/install/my_turtle_bot:/home/utk/ros2_ws/install/my_py_pkg:/home/utk/ros2_ws/install/actions_py_pkg:/home/utk/ros2_ws/install/lifecycle_py:/home/utk/ros2_ws/install/executors_py:/home/utk/ros2_ws/install/components_py:/home/utk/bumperbot_ws/install/bumperbot_vision:/home/utk/bumperbot_ws/install/bumperbot_utils:/home/utk/bumperbot_ws/install/bumperbot_py_examples:/home/utk/bumperbot_ws/install/bumperbot_py:/home/utk/arduinobot_ws/install/arduinobot_py_examples:/home/utk/arduinobot_ws/install/arduinobot_py:/opt/ros/humble /usr/bin/cmake --install /home/utk/dock_ws/build/bot_description
