[0.208s] Invoking command in '/home/utk/dock_ws/build/turtlebot3_gazebo': CMAKE_PREFIX_PATH=${CMAKE_PREFIX_PATH}:/home/utk/dock_ws/install/bot_script:/home/utk/docking_ws/install/bot_navigation:/home/utk/colcon_ws/install/ur5_control:/home/utk/ros2_ws/install/rover_logic:/home/utk/ros2_ws/install/prius_logic:/home/utk/ros2_ws/install/prius_line_following:/home/utk/ros2_ws/install/opencv_py:/home/utk/ros2_ws/install/nav2_py:/home/utk/ros2_ws/install/my_turtle_project:/home/utk/ros2_ws/install/my_turtle_bot:/home/utk/ros2_ws/install/my_py_pkg:/home/utk/ros2_ws/install/actions_py_pkg:/home/utk/ros2_ws/install/lifecycle_py:/home/utk/ros2_ws/install/executors_py:/home/utk/ros2_ws/install/components_py:/home/utk/bumperbot_ws/install/bumperbot_vision:/home/utk/bumperbot_ws/install/bumperbot_utils:/home/utk/bumperbot_ws/install/bumperbot_py_examples:/home/utk/bumperbot_ws/install/bumperbot_py:/home/utk/arduinobot_ws/install/arduinobot_py_examples:/home/utk/arduinobot_ws/install/arduinobot_py:/opt/ros/humble /usr/bin/cmake /home/utk/dock_ws/src/turtlebot3_gazebo -DAMENT_CMAKE_SYMLINK_INSTALL=1 -DCMAKE_INSTALL_PREFIX=/home/utk/dock_ws/install/turtlebot3_gazebo
[0.248s] -- The C compiler identification is GNU 11.4.0
[0.285s] -- The CXX compiler identification is GNU 11.4.0
[0.289s] -- Detecting C compiler ABI info
[0.339s] -- Detecting C compiler ABI info - done
[0.344s] -- Check for working C compiler: /usr/bin/cc - skipped
[0.344s] -- Detecting C compile features
[0.345s] -- Detecting C compile features - done
[0.347s] -- Detecting CXX compiler ABI info
[0.406s] -- Detecting CXX compiler ABI info - done
[0.412s] -- Check for working CXX compiler: /usr/bin/c++ - skipped
[0.412s] -- Detecting CXX compile features
[0.412s] -- Detecting CXX compile features - done
[0.417s] -- Found ament_cmake: 1.3.10 (/opt/ros/humble/share/ament_cmake/cmake)
[0.569s] -- Found Python3: /usr/bin/python3 (found version "3.10.12") found components: Interpreter 
[0.621s] -- Override CMake install command with custom implementation using symlinks instead of copying resources
[0.681s] [33mCMake Warning (dev) at /usr/share/cmake-3.22/Modules/FindPackageHandleStandardArgs.cmake:438 (message):
[0.681s]   The package name passed to `find_package_handle_standard_args` (PkgConfig)
[0.681s]   does not match the name of the calling package (gazebo).  This can lead to
[0.681s]   problems in calling code that expects `find_package` result variables
[0.681s]   (e.g., `_FOUND`) to follow a certain pattern.
[0.681s] Call Stack (most recent call first):
[0.681s]   /usr/share/cmake-3.22/Modules/FindPkgConfig.cmake:99 (find_package_handle_standard_args)
[0.681s]   /usr/lib/x86_64-linux-gnu/cmake/gazebo/gazebo-config.cmake:72 (include)
[0.681s]   CMakeLists.txt:23 (find_package)
[0.681s] This warning is for project developers.  Use -Wno-dev to suppress it.
[0.681s] [0m
[0.681s] -- Found PkgConfig: /usr/bin/pkg-config (found version "0.29.2") 
[0.683s] -- Checking for module 'bullet>=2.82'
[0.693s] --   Found bullet, version 3.05
[0.773s] -- Found fcl: /usr/include (found suitable version "0.7.0", minimum required is "0.5.0") 
[0.810s] -- Found assimp: /usr/include (found version "5.2.0") 
[0.835s] -- Found DART: /usr/include (Required is at least version "6.6") found components: dart 
[1.033s] -- Found Boost: /usr/lib/x86_64-linux-gnu/cmake/Boost-1.74.0/BoostConfig.cmake (found suitable version "1.74.0", minimum required is "1.40.0") found components: thread system filesystem program_options regex iostreams date_time 
[1.047s] -- Found Protobuf: /usr/lib/x86_64-linux-gnu/libprotobuf.so (found version "3.12.4") 
[1.055s] -- Looking for ignition-math6 -- found version 6.15.1
[1.062s] -- Searching for dependencies of ignition-math6
[1.063s] -- Looking for OGRE...
[1.063s] -- OGRE_PREFIX_WATCH changed.
[1.066s] -- Checking for module 'OGRE'
[1.076s] --   Found OGRE, version 1.9.0
[1.099s] -- Found Ogre Ghadamon (1.9.0)
[1.109s] -- Found OGRE: optimized;/usr/lib/x86_64-linux-gnu/libOgreMain.so;debug;/usr/lib/x86_64-linux-gnu/libOgreMain.so
[1.115s] -- Looking for OGRE_Paging...
[1.122s] -- Found OGRE_Paging: optimized;/usr/lib/x86_64-linux-gnu/libOgrePaging.so;debug;/usr/lib/x86_64-linux-gnu/libOgrePaging.so
[1.122s] -- Looking for OGRE_Terrain...
[1.128s] -- Found OGRE_Terrain: optimized;/usr/lib/x86_64-linux-gnu/libOgreTerrain.so;debug;/usr/lib/x86_64-linux-gnu/libOgreTerrain.so
[1.128s] -- Looking for OGRE_Property...
[1.134s] -- Found OGRE_Property: optimized;/usr/lib/x86_64-linux-gnu/libOgreProperty.so;debug;/usr/lib/x86_64-linux-gnu/libOgreProperty.so
[1.134s] -- Looking for OGRE_RTShaderSystem...
[1.141s] -- Found OGRE_RTShaderSystem: optimized;/usr/lib/x86_64-linux-gnu/libOgreRTShaderSystem.so;debug;/usr/lib/x86_64-linux-gnu/libOgreRTShaderSystem.so
[1.141s] -- Looking for OGRE_Volume...
[1.147s] -- Found OGRE_Volume: optimized;/usr/lib/x86_64-linux-gnu/libOgreVolume.so;debug;/usr/lib/x86_64-linux-gnu/libOgreVolume.so
[1.147s] -- Looking for OGRE_Overlay...
[1.153s] -- Found OGRE_Overlay: optimized;/usr/lib/x86_64-linux-gnu/libOgreOverlay.so;debug;/usr/lib/x86_64-linux-gnu/libOgreOverlay.so
[1.303s] -- Looking for ignition-math6 -- found version 6.15.1
[1.308s] -- Looking for ignition-transport8 -- found version 8.2.1
[1.308s] -- Searching for dependencies of ignition-transport8
[1.323s] -- Found Protobuf: /usr/lib/x86_64-linux-gnu/libprotobuf.so (found suitable version "3.12.4", minimum required is "3") 
[1.333s] -- Config-file not installed for ZeroMQ -- checking for pkg-config
[1.336s] -- Checking for module 'libzmq >= 4'
[1.346s] --   Found libzmq , version 4.3.4
[1.372s] -- Found ZeroMQ: TRUE (Required is at least version "4") 
[1.378s] -- Checking for module 'uuid'
[1.389s] --   Found uuid, version 2.37.2
[1.441s] -- Found UUID: TRUE  
[1.451s] -- Looking for ignition-msgs5 -- found version 5.8.1
[1.452s] -- Searching for dependencies of ignition-msgs5
[1.467s] -- Looking for ignition-math6 -- found version 6.15.1
[1.471s] -- Checking for module 'tinyxml2'
[1.480s] --   Found tinyxml2, version 9.0.0
[1.510s] -- Looking for ignition-msgs5 -- found version 5.8.1
[1.516s] -- Looking for ignition-common3 -- found version 3.14.0
[1.516s] -- Searching for dependencies of ignition-common3
[1.517s] -- Looking for dlfcn.h - found
[1.518s] -- Looking for libdl - found
[1.519s] -- Found DL: TRUE  
[1.530s] -- Found tinyobjloader: /usr/lib/x86_64-linux-gnu/cmake/tinyobjloader/tinyobjloader-config.cmake (found version "2.0.0") 
[1.530s] -- Searching for <ignition-common3> component [graphics]
[1.534s] -- Looking for ignition-common3-graphics -- found version 3.14.0
[1.534s] -- Searching for dependencies of ignition-common3-graphics
[1.534s] -- Looking for ignition-math6 -- found version 6.15.1
[1.539s] -- Looking for ignition-fuel_tools4 -- found version 4.4.0
[1.539s] -- Searching for dependencies of ignition-fuel_tools4
[1.600s] -- Found CURL: /usr/lib/x86_64-linux-gnu/libcurl.so (found version "7.81.0")  
[1.608s] -- Checking for module 'jsoncpp'
[1.618s] --   Found jsoncpp, version 1.9.5
[1.641s] -- Found JSONCPP: TRUE  
[1.647s] -- Checking for module 'libzip'
[1.657s] --   Found libzip, version 1.7.3
[1.679s] -- Found ZIP: TRUE  
[1.679s] -- Looking for ignition-common3 -- found version 3.14.0
[1.680s] -- Looking for ignition-math6 -- found version 6.15.1
[1.680s] -- Looking for ignition-msgs5 -- found version 5.8.1
[1.689s] -- Found gazebo_ros_pkgs: 3.7.0 (/opt/ros/humble/share/gazebo_ros_pkgs/cmake)
[1.692s] -- Found geometry_msgs: 4.2.4 (/opt/ros/humble/share/geometry_msgs/cmake)
[1.738s] -- Found rosidl_generator_c: 3.1.5 (/opt/ros/humble/share/rosidl_generator_c/cmake)
[1.746s] -- Found rosidl_adapter: 3.1.5 (/opt/ros/humble/share/rosidl_adapter/cmake)
[1.757s] -- Found rosidl_generator_cpp: 3.1.5 (/opt/ros/humble/share/rosidl_generator_cpp/cmake)
[1.772s] -- Using all available rosidl_typesupport_c: rosidl_typesupport_fastrtps_c;rosidl_typesupport_introspection_c
[1.792s] -- Using all available rosidl_typesupport_cpp: rosidl_typesupport_fastrtps_cpp;rosidl_typesupport_introspection_cpp
[1.826s] -- Found nav_msgs: 4.2.4 (/opt/ros/humble/share/nav_msgs/cmake)
[1.840s] -- Found rclcpp: 16.0.10 (/opt/ros/humble/share/rclcpp/cmake)
[1.889s] -- Found rmw_implementation_cmake: 6.1.2 (/opt/ros/humble/share/rmw_implementation_cmake/cmake)
[1.895s] -- Found rmw_cyclonedds_cpp: 1.3.4 (/opt/ros/humble/share/rmw_cyclonedds_cpp/cmake)
[1.926s] -- Using RMW implementation 'rmw_cyclonedds_cpp' as default
[1.940s] -- Found Threads: TRUE  
[1.975s] -- Found sensor_msgs: 4.2.4 (/opt/ros/humble/share/sensor_msgs/cmake)
[1.989s] -- Found tf2: 0.25.8 (/opt/ros/humble/share/tf2/cmake)
[2.058s] -- Configuring done
[2.060s] [31mCMake Error at CMakeLists.txt:56 (add_library):
[2.060s]   Cannot find source file:
[2.061s] 
[2.061s]     models/turtlebot3_dqn_world/obstacle_plugin/obstacle1.cc
[2.061s] 
[2.061s]   Tried extensions .c .C .c++ .cc .cpp .cxx .cu .mpp .m .M .mm .ixx .cppm .h
[2.061s]   .hh .h++ .hm .hpp .hxx .in .txx .f .F .for .f77 .f90 .f95 .f03 .hip .ispc
[2.061s] 
[2.061s] [0m
[2.061s] [31mCMake Error at CMakeLists.txt:59 (add_library):
[2.061s]   Cannot find source file:
[2.061s] 
[2.061s]     models/turtlebot3_dqn_world/obstacle_plugin/obstacle2.cc
[2.061s] 
[2.061s]   Tried extensions .c .C .c++ .cc .cpp .cxx .cu .mpp .m .M .mm .ixx .cppm .h
[2.061s]   .hh .h++ .hm .hpp .hxx .in .txx .f .F .for .f77 .f90 .f95 .f03 .hip .ispc
[2.061s] 
[2.061s] [0m
[2.061s] [31mCMake Error at CMakeLists.txt:62 (add_library):
[2.061s]   Cannot find source file:
[2.061s] 
[2.061s]     models/turtlebot3_dqn_world/obstacle_plugin/obstacles.cc
[2.061s] 
[2.061s]   Tried extensions .c .C .c++ .cc .cpp .cxx .cu .mpp .m .M .mm .ixx .cppm .h
[2.061s]   .hh .h++ .hm .hpp .hxx .in .txx .f .F .for .f77 .f90 .f95 .f03 .hip .ispc
[2.061s] 
[2.061s] [0m
[2.061s] [31mCMake Error at CMakeLists.txt:56 (add_library):
[2.062s]   No SOURCES given to target: obstacle1
[2.062s] 
[2.062s] [0m
[2.062s] [31mCMake Error at CMakeLists.txt:59 (add_library):
[2.062s]   No SOURCES given to target: obstacle2
[2.062s] 
[2.062s] [0m
[2.062s] [31mCMake Error at CMakeLists.txt:62 (add_library):
[2.062s]   No SOURCES given to target: obstacles
[2.062s] 
[2.062s] [0m
[2.062s] [0mCMake Generate step failed.  Build files cannot be regenerated correctly.[0m
[2.070s] Invoked command in '/home/utk/dock_ws/build/turtlebot3_gazebo' returned '1': CMAKE_PREFIX_PATH=${CMAKE_PREFIX_PATH}:/home/utk/dock_ws/install/bot_script:/home/utk/docking_ws/install/bot_navigation:/home/utk/colcon_ws/install/ur5_control:/home/utk/ros2_ws/install/rover_logic:/home/utk/ros2_ws/install/prius_logic:/home/utk/ros2_ws/install/prius_line_following:/home/utk/ros2_ws/install/opencv_py:/home/utk/ros2_ws/install/nav2_py:/home/utk/ros2_ws/install/my_turtle_project:/home/utk/ros2_ws/install/my_turtle_bot:/home/utk/ros2_ws/install/my_py_pkg:/home/utk/ros2_ws/install/actions_py_pkg:/home/utk/ros2_ws/install/lifecycle_py:/home/utk/ros2_ws/install/executors_py:/home/utk/ros2_ws/install/components_py:/home/utk/bumperbot_ws/install/bumperbot_vision:/home/utk/bumperbot_ws/install/bumperbot_utils:/home/utk/bumperbot_ws/install/bumperbot_py_examples:/home/utk/bumperbot_ws/install/bumperbot_py:/home/utk/arduinobot_ws/install/arduinobot_py_examples:/home/utk/arduinobot_ws/install/arduinobot_py:/opt/ros/humble /usr/bin/cmake /home/utk/dock_ws/src/turtlebot3_gazebo -DAMENT_CMAKE_SYMLINK_INSTALL=1 -DCMAKE_INSTALL_PREFIX=/home/utk/dock_ws/install/turtlebot3_gazebo
