[0.625s] Invoking command in '/home/utk/dock_ws/build/bot_script': PYTHONPATH=/home/utk/dock_ws/build/bot_script/prefix_override:/usr/lib/python3/dist-packages/colcon_core/task/python/colcon_distutils_commands:/home/utk/dock_ws/install/bot_script/lib/python3.10/site-packages:${PYTHONPATH} /usr/bin/python3 -W ignore:setup.py install is deprecated setup.py develop --editable --build-directory /home/utk/dock_ws/build/bot_script/build --no-deps symlink_data
[0.879s] running develop
[0.880s] /usr/lib/python3/dist-packages/setuptools/command/easy_install.py:158: EasyInstallDeprecationWarning: easy_install command is deprecated. Use build and pip and other standards-based tools.
[0.880s]   warnings.warn(
[1.045s] running egg_info
[1.045s] writing bot_script.egg-info/PKG-INFO
[1.046s] writing dependency_links to bot_script.egg-info/dependency_links.txt
[1.046s] writing entry points to bot_script.egg-info/entry_points.txt
[1.046s] writing requirements to bot_script.egg-info/requires.txt
[1.046s] writing top-level names to bot_script.egg-info/top_level.txt
[1.047s] reading manifest file 'bot_script.egg-info/SOURCES.txt'
[1.048s] writing manifest file 'bot_script.egg-info/SOURCES.txt'
[1.050s] running build_ext
[1.050s] Creating /home/utk/dock_ws/install/bot_script/lib/python3.10/site-packages/bot-script.egg-link (link to .)
[1.050s] Installing navigation script to /home/utk/dock_ws/install/bot_script/lib/bot_script
[1.051s] Installing pose_estimator script to /home/utk/dock_ws/install/bot_script/lib/bot_script
[1.051s] 
[1.051s] Installed /home/utk/dock_ws/build/bot_script
[1.051s] running symlink_data
[1.077s] Invoked command in '/home/utk/dock_ws/build/bot_script' returned '0': PYTHONPATH=/home/utk/dock_ws/build/bot_script/prefix_override:/usr/lib/python3/dist-packages/colcon_core/task/python/colcon_distutils_commands:/home/utk/dock_ws/install/bot_script/lib/python3.10/site-packages:${PYTHONPATH} /usr/bin/python3 -W ignore:setup.py install is deprecated setup.py develop --editable --build-directory /home/utk/dock_ws/build/bot_script/build --no-deps symlink_data
