[0.493s] Invoking command in '/home/utk/dock_ws/build/bot_script': PYTHONPATH=/home/utk/dock_ws/build/bot_script/prefix_override:/usr/lib/python3/dist-packages/colcon_core/task/python/colcon_distutils_commands:/home/utk/dock_ws/install/bot_script/lib/python3.10/site-packages:${PYTHONPATH} /usr/bin/python3 -W ignore:setup.py install is deprecated setup.py develop --editable --build-directory /home/utk/dock_ws/build/bot_script/build --no-deps symlink_data
[0.709s] running develop
[0.709s] /usr/lib/python3/dist-packages/setuptools/command/easy_install.py:158: EasyInstallDeprecationWarning: easy_install command is deprecated. Use build and pip and other standards-based tools.
[0.709s]   warnings.warn(
[0.864s] running egg_info
[0.865s] writing bot_script.egg-info/PKG-INFO
[0.865s] writing dependency_links to bot_script.egg-info/dependency_links.txt
[0.865s] writing entry points to bot_script.egg-info/entry_points.txt
[0.865s] writing requirements to bot_script.egg-info/requires.txt
[0.865s] writing top-level names to bot_script.egg-info/top_level.txt
[0.866s] reading manifest file 'bot_script.egg-info/SOURCES.txt'
[0.867s] writing manifest file 'bot_script.egg-info/SOURCES.txt'
[0.868s] running build_ext
[0.869s] Creating /home/utk/dock_ws/install/bot_script/lib/python3.10/site-packages/bot-script.egg-link (link to .)
[0.869s] Installing navigation script to /home/utk/dock_ws/install/bot_script/lib/bot_script
[0.869s] Installing pose_estimator script to /home/utk/dock_ws/install/bot_script/lib/bot_script
[0.869s] 
[0.869s] Installed /home/utk/dock_ws/build/bot_script
[0.869s] running symlink_data
[0.887s] Invoked command in '/home/utk/dock_ws/build/bot_script' returned '0': PYTHONPATH=/home/utk/dock_ws/build/bot_script/prefix_override:/usr/lib/python3/dist-packages/colcon_core/task/python/colcon_distutils_commands:/home/utk/dock_ws/install/bot_script/lib/python3.10/site-packages:${PYTHONPATH} /usr/bin/python3 -W ignore:setup.py install is deprecated setup.py develop --editable --build-directory /home/utk/dock_ws/build/bot_script/build --no-deps symlink_data
