[0.214s] Invoking command in '/home/utk/dock_ws/build/turtlebot3_gazebo': CMAKE_PREFIX_PATH=${CMAKE_PREFIX_PATH}:/home/utk/dock_ws/install/bot_script:/home/utk/docking_ws/install/bot_navigation:/home/utk/colcon_ws/install/ur5_control:/home/utk/ros2_ws/install/rover_logic:/home/utk/ros2_ws/install/prius_logic:/home/utk/ros2_ws/install/prius_line_following:/home/utk/ros2_ws/install/opencv_py:/home/utk/ros2_ws/install/nav2_py:/home/utk/ros2_ws/install/my_turtle_project:/home/utk/ros2_ws/install/my_turtle_bot:/home/utk/ros2_ws/install/my_py_pkg:/home/utk/ros2_ws/install/actions_py_pkg:/home/utk/ros2_ws/install/lifecycle_py:/home/utk/ros2_ws/install/executors_py:/home/utk/ros2_ws/install/components_py:/home/utk/bumperbot_ws/install/bumperbot_vision:/home/utk/bumperbot_ws/install/bumperbot_utils:/home/utk/bumperbot_ws/install/bumperbot_py_examples:/home/utk/bumperbot_ws/install/bumperbot_py:/home/utk/arduinobot_ws/install/arduinobot_py_examples:/home/utk/arduinobot_ws/install/arduinobot_py:/opt/ros/humble /usr/bin/cmake /home/utk/dock_ws/src/turtlebot3_gazebo -DAMENT_CMAKE_SYMLINK_INSTALL=1 -DCMAKE_INSTALL_PREFIX=/home/utk/dock_ws/install/turtlebot3_gazebo
[0.253s] -- The C compiler identification is GNU 11.4.0
[0.289s] -- The CXX compiler identification is GNU 11.4.0
[0.294s] -- Detecting C compiler ABI info
[0.342s] -- Detecting C compiler ABI info - done
[0.348s] -- Check for working C compiler: /usr/bin/cc - skipped
[0.349s] -- Detecting C compile features
[0.349s] -- Detecting C compile features - done
[0.351s] -- Detecting CXX compiler ABI info
[0.408s] -- Detecting CXX compiler ABI info - done
[0.414s] -- Check for working CXX compiler: /usr/bin/c++ - skipped
[0.414s] -- Detecting CXX compile features
[0.415s] -- Detecting CXX compile features - done
[0.420s] -- Found ament_cmake: 1.3.10 (/opt/ros/humble/share/ament_cmake/cmake)
[0.565s] -- Found Python3: /usr/bin/python3 (found version "3.10.12") found components: Interpreter 
[0.625s] -- Override CMake install command with custom implementation using symlinks instead of copying resources
[0.707s] -- Found PkgConfig: /usr/bin/pkg-config (found version "0.29.2") 
[0.707s] [33mCMake Warning (dev) at /usr/share/cmake-3.22/Modules/FindPackageHandleStandardArgs.cmake:438 (message):
[0.707s]   The package name passed to `find_package_handle_standard_args` (PkgConfig)
[0.707s]   does not match the name of the calling package (gazebo).  This can lead to
[0.708s]   problems in calling code that expects `find_package` result variables
[0.708s]   (e.g., `_FOUND`) to follow a certain pattern.
[0.708s] Call Stack (most recent call first):
[0.708s]   /usr/share/cmake-3.22/Modules/FindPkgConfig.cmake:99 (find_package_handle_standard_args)
[0.708s]   /usr/lib/x86_64-linux-gnu/cmake/gazebo/gazebo-config.cmake:72 (include)
[0.708s]   CMakeLists.txt:23 (find_package)
[0.708s] This warning is for project developers.  Use -Wno-dev to suppress it.
[0.708s] [0m
[0.710s] -- Checking for module 'bullet>=2.82'
[0.722s] --   Found bullet, version 3.05
[0.813s] -- Found fcl: /usr/include (found suitable version "0.7.0", minimum required is "0.5.0") 
[0.854s] -- Found assimp: /usr/include (found version "5.2.0") 
[0.885s] -- Found DART: /usr/include (Required is at least version "6.6") found components: dart 
[1.086s] -- Found Boost: /usr/lib/x86_64-linux-gnu/cmake/Boost-1.74.0/BoostConfig.cmake (found suitable version "1.74.0", minimum required is "1.40.0") found components: thread system filesystem program_options regex iostreams date_time 
[1.101s] -- Found Protobuf: /usr/lib/x86_64-linux-gnu/libprotobuf.so (found version "3.12.4") 
[1.113s] -- Looking for ignition-math6 -- found version 6.15.1
[1.120s] -- Searching for dependencies of ignition-math6
[1.121s] -- Looking for OGRE...
[1.121s] -- OGRE_PREFIX_WATCH changed.
[1.125s] -- Checking for module 'OGRE'
[1.135s] --   Found OGRE, version 1.9.0
[1.157s] -- Found Ogre Ghadamon (1.9.0)
[1.167s] -- Found OGRE: optimized;/usr/lib/x86_64-linux-gnu/libOgreMain.so;debug;/usr/lib/x86_64-linux-gnu/libOgreMain.so
[1.174s] -- Looking for OGRE_Paging...
[1.180s] -- Found OGRE_Paging: optimized;/usr/lib/x86_64-linux-gnu/libOgrePaging.so;debug;/usr/lib/x86_64-linux-gnu/libOgrePaging.so
[1.180s] -- Looking for OGRE_Terrain...
[1.187s] -- Found OGRE_Terrain: optimized;/usr/lib/x86_64-linux-gnu/libOgreTerrain.so;debug;/usr/lib/x86_64-linux-gnu/libOgreTerrain.so
[1.187s] -- Looking for OGRE_Property...
[1.193s] -- Found OGRE_Property: optimized;/usr/lib/x86_64-linux-gnu/libOgreProperty.so;debug;/usr/lib/x86_64-linux-gnu/libOgreProperty.so
[1.193s] -- Looking for OGRE_RTShaderSystem...
[1.200s] -- Found OGRE_RTShaderSystem: optimized;/usr/lib/x86_64-linux-gnu/libOgreRTShaderSystem.so;debug;/usr/lib/x86_64-linux-gnu/libOgreRTShaderSystem.so
[1.200s] -- Looking for OGRE_Volume...
[1.206s] -- Found OGRE_Volume: optimized;/usr/lib/x86_64-linux-gnu/libOgreVolume.so;debug;/usr/lib/x86_64-linux-gnu/libOgreVolume.so
[1.206s] -- Looking for OGRE_Overlay...
[1.213s] -- Found OGRE_Overlay: optimized;/usr/lib/x86_64-linux-gnu/libOgreOverlay.so;debug;/usr/lib/x86_64-linux-gnu/libOgreOverlay.so
[1.364s] -- Looking for ignition-math6 -- found version 6.15.1
[1.379s] -- Looking for ignition-transport8 -- found version 8.2.1
[1.380s] -- Searching for dependencies of ignition-transport8
[1.394s] -- Found Protobuf: /usr/lib/x86_64-linux-gnu/libprotobuf.so (found suitable version "3.12.4", minimum required is "3") 
[1.404s] -- Config-file not installed for ZeroMQ -- checking for pkg-config
[1.407s] -- Checking for module 'libzmq >= 4'
[1.418s] --   Found libzmq , version 4.3.4
[1.446s] -- Found ZeroMQ: TRUE (Required is at least version "4") 
[1.452s] -- Checking for module 'uuid'
[1.463s] --   Found uuid, version 2.37.2
[1.496s] -- Found UUID: TRUE  
[1.516s] -- Looking for ignition-msgs5 -- found version 5.8.1
[1.517s] -- Searching for dependencies of ignition-msgs5
[1.538s] -- Looking for ignition-math6 -- found version 6.15.1
[1.541s] -- Checking for module 'tinyxml2'
[1.551s] --   Found tinyxml2, version 9.0.0
[1.584s] -- Looking for ignition-msgs5 -- found version 5.8.1
[1.591s] -- Looking for ignition-common3 -- found version 3.14.0
[1.591s] -- Searching for dependencies of ignition-common3
[1.592s] -- Looking for dlfcn.h - found
[1.594s] -- Looking for libdl - found
[1.595s] -- Found DL: TRUE  
[1.605s] -- Found tinyobjloader: /usr/lib/x86_64-linux-gnu/cmake/tinyobjloader/tinyobjloader-config.cmake (found version "2.0.0") 
[1.605s] -- Searching for <ignition-common3> component [graphics]
[1.610s] -- Looking for ignition-common3-graphics -- found version 3.14.0
[1.610s] -- Searching for dependencies of ignition-common3-graphics
[1.610s] -- Looking for ignition-math6 -- found version 6.15.1
[1.626s] -- Looking for ignition-fuel_tools4 -- found version 4.4.0
[1.626s] -- Searching for dependencies of ignition-fuel_tools4
[1.692s] -- Found CURL: /usr/lib/x86_64-linux-gnu/libcurl.so (found version "7.81.0")  
[1.700s] -- Checking for module 'jsoncpp'
[1.710s] --   Found jsoncpp, version 1.9.5
[1.733s] -- Found JSONCPP: TRUE  
[1.740s] -- Checking for module 'libzip'
[1.750s] --   Found libzip, version 1.7.3
[1.772s] -- Found ZIP: TRUE  
[1.773s] -- Looking for ignition-common3 -- found version 3.14.0
[1.773s] -- Looking for ignition-math6 -- found version 6.15.1
[1.773s] -- Looking for ignition-msgs5 -- found version 5.8.1
[1.782s] -- Found gazebo_ros_pkgs: 3.7.0 (/opt/ros/humble/share/gazebo_ros_pkgs/cmake)
[1.786s] -- Found geometry_msgs: 4.2.4 (/opt/ros/humble/share/geometry_msgs/cmake)
[1.846s] -- Found rosidl_generator_c: 3.1.5 (/opt/ros/humble/share/rosidl_generator_c/cmake)
[1.855s] -- Found rosidl_adapter: 3.1.5 (/opt/ros/humble/share/rosidl_adapter/cmake)
[1.866s] -- Found rosidl_generator_cpp: 3.1.5 (/opt/ros/humble/share/rosidl_generator_cpp/cmake)
[1.881s] -- Using all available rosidl_typesupport_c: rosidl_typesupport_fastrtps_c;rosidl_typesupport_introspection_c
[1.901s] -- Using all available rosidl_typesupport_cpp: rosidl_typesupport_fastrtps_cpp;rosidl_typesupport_introspection_cpp
[1.936s] -- Found nav_msgs: 4.2.4 (/opt/ros/humble/share/nav_msgs/cmake)
[1.950s] -- Found rclcpp: 16.0.10 (/opt/ros/humble/share/rclcpp/cmake)
[1.999s] -- Found rmw_implementation_cmake: 6.1.2 (/opt/ros/humble/share/rmw_implementation_cmake/cmake)
[2.005s] -- Found rmw_cyclonedds_cpp: 1.3.4 (/opt/ros/humble/share/rmw_cyclonedds_cpp/cmake)
[2.036s] -- Using RMW implementation 'rmw_cyclonedds_cpp' as default
[2.050s] -- Found Threads: TRUE  
[2.085s] -- Found sensor_msgs: 4.2.4 (/opt/ros/humble/share/sensor_msgs/cmake)
[2.100s] -- Found tf2: 0.25.8 (/opt/ros/humble/share/tf2/cmake)
[2.170s] -- Configuring done
[2.191s] -- Generating done
[2.193s] -- Build files have been written to: /home/utk/dock_ws/build/turtlebot3_gazebo
[2.203s] Invoked command in '/home/utk/dock_ws/build/turtlebot3_gazebo' returned '0': CMAKE_PREFIX_PATH=${CMAKE_PREFIX_PATH}:/home/utk/dock_ws/install/bot_script:/home/utk/docking_ws/install/bot_navigation:/home/utk/colcon_ws/install/ur5_control:/home/utk/ros2_ws/install/rover_logic:/home/utk/ros2_ws/install/prius_logic:/home/utk/ros2_ws/install/prius_line_following:/home/utk/ros2_ws/install/opencv_py:/home/utk/ros2_ws/install/nav2_py:/home/utk/ros2_ws/install/my_turtle_project:/home/utk/ros2_ws/install/my_turtle_bot:/home/utk/ros2_ws/install/my_py_pkg:/home/utk/ros2_ws/install/actions_py_pkg:/home/utk/ros2_ws/install/lifecycle_py:/home/utk/ros2_ws/install/executors_py:/home/utk/ros2_ws/install/components_py:/home/utk/bumperbot_ws/install/bumperbot_vision:/home/utk/bumperbot_ws/install/bumperbot_utils:/home/utk/bumperbot_ws/install/bumperbot_py_examples:/home/utk/bumperbot_ws/install/bumperbot_py:/home/utk/arduinobot_ws/install/arduinobot_py_examples:/home/utk/arduinobot_ws/install/arduinobot_py:/opt/ros/humble /usr/bin/cmake /home/utk/dock_ws/src/turtlebot3_gazebo -DAMENT_CMAKE_SYMLINK_INSTALL=1 -DCMAKE_INSTALL_PREFIX=/home/utk/dock_ws/install/turtlebot3_gazebo
[2.204s] Invoking command in '/home/utk/dock_ws/build/turtlebot3_gazebo': CMAKE_PREFIX_PATH=${CMAKE_PREFIX_PATH}:/home/utk/dock_ws/install/bot_script:/home/utk/docking_ws/install/bot_navigation:/home/utk/colcon_ws/install/ur5_control:/home/utk/ros2_ws/install/rover_logic:/home/utk/ros2_ws/install/prius_logic:/home/utk/ros2_ws/install/prius_line_following:/home/utk/ros2_ws/install/opencv_py:/home/utk/ros2_ws/install/nav2_py:/home/utk/ros2_ws/install/my_turtle_project:/home/utk/ros2_ws/install/my_turtle_bot:/home/utk/ros2_ws/install/my_py_pkg:/home/utk/ros2_ws/install/actions_py_pkg:/home/utk/ros2_ws/install/lifecycle_py:/home/utk/ros2_ws/install/executors_py:/home/utk/ros2_ws/install/components_py:/home/utk/bumperbot_ws/install/bumperbot_vision:/home/utk/bumperbot_ws/install/bumperbot_utils:/home/utk/bumperbot_ws/install/bumperbot_py_examples:/home/utk/bumperbot_ws/install/bumperbot_py:/home/utk/arduinobot_ws/install/arduinobot_py_examples:/home/utk/arduinobot_ws/install/arduinobot_py:/opt/ros/humble /usr/bin/cmake --build /home/utk/dock_ws/build/turtlebot3_gazebo -- -j16 -l16
[2.242s] [ 50%] [32mBuilding CXX object CMakeFiles/turtlebot3_drive.dir/src/turtlebot3_drive.cpp.o[0m
[2.242s] [ 50%] [32mBuilding CXX object CMakeFiles/obstacle2.dir/models/turtlebot3_dqn_world/obstacle_plugin/obstacle2.cc.o[0m
[2.242s] [ 50%] [32mBuilding CXX object CMakeFiles/obstacle1.dir/models/turtlebot3_dqn_world/obstacle_plugin/obstacle1.cc.o[0m
[2.242s] [ 50%] [32mBuilding CXX object CMakeFiles/obstacles.dir/models/turtlebot3_dqn_world/obstacle_plugin/obstacles.cc.o[0m
[10.446s] [ 62%] [32m[1mLinking CXX shared library libobstacle2.so[0m
[10.455s] [ 75%] [32m[1mLinking CXX shared library libobstacles.so[0m
[10.464s] [ 87%] [32m[1mLinking CXX shared library libobstacle1.so[0m
[10.481s] [100%] [32m[1mLinking CXX executable turtlebot3_drive[0m
[10.637s] [100%] Built target obstacle1
[10.637s] [100%] Built target obstacles
[10.637s] [100%] Built target obstacle2
[10.887s] [100%] Built target turtlebot3_drive
[10.900s] Invoked command in '/home/utk/dock_ws/build/turtlebot3_gazebo' returned '0': CMAKE_PREFIX_PATH=${CMAKE_PREFIX_PATH}:/home/utk/dock_ws/install/bot_script:/home/utk/docking_ws/install/bot_navigation:/home/utk/colcon_ws/install/ur5_control:/home/utk/ros2_ws/install/rover_logic:/home/utk/ros2_ws/install/prius_logic:/home/utk/ros2_ws/install/prius_line_following:/home/utk/ros2_ws/install/opencv_py:/home/utk/ros2_ws/install/nav2_py:/home/utk/ros2_ws/install/my_turtle_project:/home/utk/ros2_ws/install/my_turtle_bot:/home/utk/ros2_ws/install/my_py_pkg:/home/utk/ros2_ws/install/actions_py_pkg:/home/utk/ros2_ws/install/lifecycle_py:/home/utk/ros2_ws/install/executors_py:/home/utk/ros2_ws/install/components_py:/home/utk/bumperbot_ws/install/bumperbot_vision:/home/utk/bumperbot_ws/install/bumperbot_utils:/home/utk/bumperbot_ws/install/bumperbot_py_examples:/home/utk/bumperbot_ws/install/bumperbot_py:/home/utk/arduinobot_ws/install/arduinobot_py_examples:/home/utk/arduinobot_ws/install/arduinobot_py:/opt/ros/humble /usr/bin/cmake --build /home/utk/dock_ws/build/turtlebot3_gazebo -- -j16 -l16
[10.936s] Invoking command in '/home/utk/dock_ws/build/turtlebot3_gazebo': CMAKE_PREFIX_PATH=${CMAKE_PREFIX_PATH}:/home/utk/dock_ws/install/bot_script:/home/utk/docking_ws/install/bot_navigation:/home/utk/colcon_ws/install/ur5_control:/home/utk/ros2_ws/install/rover_logic:/home/utk/ros2_ws/install/prius_logic:/home/utk/ros2_ws/install/prius_line_following:/home/utk/ros2_ws/install/opencv_py:/home/utk/ros2_ws/install/nav2_py:/home/utk/ros2_ws/install/my_turtle_project:/home/utk/ros2_ws/install/my_turtle_bot:/home/utk/ros2_ws/install/my_py_pkg:/home/utk/ros2_ws/install/actions_py_pkg:/home/utk/ros2_ws/install/lifecycle_py:/home/utk/ros2_ws/install/executors_py:/home/utk/ros2_ws/install/components_py:/home/utk/bumperbot_ws/install/bumperbot_vision:/home/utk/bumperbot_ws/install/bumperbot_utils:/home/utk/bumperbot_ws/install/bumperbot_py_examples:/home/utk/bumperbot_ws/install/bumperbot_py:/home/utk/arduinobot_ws/install/arduinobot_py_examples:/home/utk/arduinobot_ws/install/arduinobot_py:/opt/ros/humble /usr/bin/cmake --install /home/utk/dock_ws/build/turtlebot3_gazebo
[10.941s] -- Install configuration: ""
[10.941s] -- Execute custom install script
[10.942s] -- Symlinking: /home/utk/dock_ws/install/turtlebot3_gazebo/lib/turtlebot3_gazebo/turtlebot3_drive
[10.948s] -- Symlinking: /home/utk/dock_ws/install/turtlebot3_gazebo/share/turtlebot3_gazebo//launch/empty_world.launch.py
[10.954s] -- Symlinking: /home/utk/dock_ws/install/turtlebot3_gazebo/share/turtlebot3_gazebo//launch/robot_state_publisher.launch.py
[10.960s] -- Symlinking: /home/utk/dock_ws/install/turtlebot3_gazebo/share/turtlebot3_gazebo//launch/spawn_turtlebot3.launch.py
[10.965s] -- Symlinking: /home/utk/dock_ws/install/turtlebot3_gazebo/share/turtlebot3_gazebo//launch/turtlebot3_dqn_stage1.launch.py
[10.971s] -- Symlinking: /home/utk/dock_ws/install/turtlebot3_gazebo/share/turtlebot3_gazebo//launch/turtlebot3_dqn_stage2.launch.py
[10.976s] -- Symlinking: /home/utk/dock_ws/install/turtlebot3_gazebo/share/turtlebot3_gazebo//launch/turtlebot3_dqn_stage3.launch.py
[10.981s] -- Symlinking: /home/utk/dock_ws/install/turtlebot3_gazebo/share/turtlebot3_gazebo//launch/turtlebot3_dqn_stage4.launch.py
[10.986s] -- Symlinking: /home/utk/dock_ws/install/turtlebot3_gazebo/share/turtlebot3_gazebo//launch/turtlebot3_house.launch.py
[10.992s] -- Symlinking: /home/utk/dock_ws/install/turtlebot3_gazebo/share/turtlebot3_gazebo//launch/turtlebot3_my_maze.launch.py
[10.997s] -- Symlinking: /home/utk/dock_ws/install/turtlebot3_gazebo/share/turtlebot3_gazebo//launch/turtlebot3_my_world.launch.py
[11.002s] -- Symlinking: /home/utk/dock_ws/install/turtlebot3_gazebo/share/turtlebot3_gazebo//launch/turtlebot3_world.launch.py
[11.008s] -- Symlinking: /home/utk/dock_ws/install/turtlebot3_gazebo/share/turtlebot3_gazebo//models/turtlebot3_burger/model-1_4.sdf
[11.013s] -- Symlinking: /home/utk/dock_ws/install/turtlebot3_gazebo/share/turtlebot3_gazebo//models/turtlebot3_burger/model.config
[11.018s] -- Symlinking: /home/utk/dock_ws/install/turtlebot3_gazebo/share/turtlebot3_gazebo//models/turtlebot3_burger/model.sdf
[11.023s] -- Symlinking: /home/utk/dock_ws/install/turtlebot3_gazebo/share/turtlebot3_gazebo//models/turtlebot3_common/meshes/burger_base.dae
[11.028s] -- Symlinking: /home/utk/dock_ws/install/turtlebot3_gazebo/share/turtlebot3_gazebo//models/turtlebot3_common/meshes/lds.dae
[11.033s] -- Symlinking: /home/utk/dock_ws/install/turtlebot3_gazebo/share/turtlebot3_gazebo//models/turtlebot3_common/meshes/r200.dae
[11.038s] -- Symlinking: /home/utk/dock_ws/install/turtlebot3_gazebo/share/turtlebot3_gazebo//models/turtlebot3_common/meshes/tire.dae
[11.044s] -- Symlinking: /home/utk/dock_ws/install/turtlebot3_gazebo/share/turtlebot3_gazebo//models/turtlebot3_common/meshes/waffle_base.dae
[11.049s] -- Symlinking: /home/utk/dock_ws/install/turtlebot3_gazebo/share/turtlebot3_gazebo//models/turtlebot3_common/meshes/waffle_pi_base.dae
[11.055s] -- Symlinking: /home/utk/dock_ws/install/turtlebot3_gazebo/share/turtlebot3_gazebo//models/turtlebot3_common/model.config
[11.060s] -- Symlinking: /home/utk/dock_ws/install/turtlebot3_gazebo/share/turtlebot3_gazebo//models/turtlebot3_dqn_world/goal_box/model.config
[11.065s] -- Symlinking: /home/utk/dock_ws/install/turtlebot3_gazebo/share/turtlebot3_gazebo//models/turtlebot3_dqn_world/goal_box/model.sdf
[11.071s] -- Symlinking: /home/utk/dock_ws/install/turtlebot3_gazebo/share/turtlebot3_gazebo//models/turtlebot3_dqn_world/inner_walls/model.config
[11.076s] -- Symlinking: /home/utk/dock_ws/install/turtlebot3_gazebo/share/turtlebot3_gazebo//models/turtlebot3_dqn_world/inner_walls/model.sdf
[11.081s] -- Symlinking: /home/utk/dock_ws/install/turtlebot3_gazebo/share/turtlebot3_gazebo//models/turtlebot3_dqn_world/model.config
[11.086s] -- Symlinking: /home/utk/dock_ws/install/turtlebot3_gazebo/share/turtlebot3_gazebo//models/turtlebot3_dqn_world/model.sdf
[11.092s] -- Symlinking: /home/utk/dock_ws/install/turtlebot3_gazebo/share/turtlebot3_gazebo//models/turtlebot3_dqn_world/obstacle1/model.config
[11.097s] -- Symlinking: /home/utk/dock_ws/install/turtlebot3_gazebo/share/turtlebot3_gazebo//models/turtlebot3_dqn_world/obstacle1/model.sdf
[11.103s] -- Symlinking: /home/utk/dock_ws/install/turtlebot3_gazebo/share/turtlebot3_gazebo//models/turtlebot3_dqn_world/obstacle2/model.config
[11.108s] -- Symlinking: /home/utk/dock_ws/install/turtlebot3_gazebo/share/turtlebot3_gazebo//models/turtlebot3_dqn_world/obstacle2/model.sdf
[11.113s] -- Symlinking: /home/utk/dock_ws/install/turtlebot3_gazebo/share/turtlebot3_gazebo//models/turtlebot3_dqn_world/obstacle_plugin/CMakeLists.txt
[11.119s] -- Symlinking: /home/utk/dock_ws/install/turtlebot3_gazebo/share/turtlebot3_gazebo//models/turtlebot3_dqn_world/obstacle_plugin/obstacle1.cc
[11.125s] -- Symlinking: /home/utk/dock_ws/install/turtlebot3_gazebo/share/turtlebot3_gazebo//models/turtlebot3_dqn_world/obstacle_plugin/obstacle2.cc
[11.130s] -- Symlinking: /home/utk/dock_ws/install/turtlebot3_gazebo/share/turtlebot3_gazebo//models/turtlebot3_dqn_world/obstacle_plugin/obstacles.cc
[11.136s] -- Symlinking: /home/utk/dock_ws/install/turtlebot3_gazebo/share/turtlebot3_gazebo//models/turtlebot3_dqn_world/obstacles/model.config
[11.141s] -- Symlinking: /home/utk/dock_ws/install/turtlebot3_gazebo/share/turtlebot3_gazebo//models/turtlebot3_dqn_world/obstacles/model.sdf
[11.147s] -- Symlinking: /home/utk/dock_ws/install/turtlebot3_gazebo/share/turtlebot3_gazebo//models/turtlebot3_house/model.config
[11.153s] -- Symlinking: /home/utk/dock_ws/install/turtlebot3_gazebo/share/turtlebot3_gazebo//models/turtlebot3_house/model.sdf
[11.159s] -- Symlinking: /home/utk/dock_ws/install/turtlebot3_gazebo/share/turtlebot3_gazebo//models/turtlebot3_waffle/model-1_4.sdf
[11.165s] -- Symlinking: /home/utk/dock_ws/install/turtlebot3_gazebo/share/turtlebot3_gazebo//models/turtlebot3_waffle/model.config
[11.170s] -- Symlinking: /home/utk/dock_ws/install/turtlebot3_gazebo/share/turtlebot3_gazebo//models/turtlebot3_waffle/model.sdf
[11.176s] -- Symlinking: /home/utk/dock_ws/install/turtlebot3_gazebo/share/turtlebot3_gazebo//models/turtlebot3_waffle_pi/model-1_4_.sdf
[11.181s] -- Symlinking: /home/utk/dock_ws/install/turtlebot3_gazebo/share/turtlebot3_gazebo//models/turtlebot3_waffle_pi/model.config
[11.186s] -- Symlinking: /home/utk/dock_ws/install/turtlebot3_gazebo/share/turtlebot3_gazebo//models/turtlebot3_waffle_pi/model.sdf
[11.192s] -- Symlinking: /home/utk/dock_ws/install/turtlebot3_gazebo/share/turtlebot3_gazebo//models/turtlebot3_world/meshes/hexagon.dae
[11.197s] -- Symlinking: /home/utk/dock_ws/install/turtlebot3_gazebo/share/turtlebot3_gazebo//models/turtlebot3_world/meshes/wall.dae
[11.203s] -- Symlinking: /home/utk/dock_ws/install/turtlebot3_gazebo/share/turtlebot3_gazebo//models/turtlebot3_world/model-1_4.sdf
[11.208s] -- Symlinking: /home/utk/dock_ws/install/turtlebot3_gazebo/share/turtlebot3_gazebo//models/turtlebot3_world/model.config
[11.213s] -- Symlinking: /home/utk/dock_ws/install/turtlebot3_gazebo/share/turtlebot3_gazebo//models/turtlebot3_world/model.sdf
[11.219s] -- Symlinking: /home/utk/dock_ws/install/turtlebot3_gazebo/share/turtlebot3_gazebo//rviz/tb3_gazebo.rviz
[11.224s] -- Symlinking: /home/utk/dock_ws/install/turtlebot3_gazebo/share/turtlebot3_gazebo//urdf/common_properties.urdf
[11.230s] -- Symlinking: /home/utk/dock_ws/install/turtlebot3_gazebo/share/turtlebot3_gazebo//urdf/turtlebot3_burger.urdf
[11.235s] -- Symlinking: /home/utk/dock_ws/install/turtlebot3_gazebo/share/turtlebot3_gazebo//urdf/turtlebot3_waffle.urdf
[11.240s] -- Symlinking: /home/utk/dock_ws/install/turtlebot3_gazebo/share/turtlebot3_gazebo//urdf/turtlebot3_waffle_pi.urdf
[11.245s] -- Symlinking: /home/utk/dock_ws/install/turtlebot3_gazebo/share/turtlebot3_gazebo//worlds/empty_world.world
[11.251s] -- Symlinking: /home/utk/dock_ws/install/turtlebot3_gazebo/share/turtlebot3_gazebo//worlds/my_maze_world.world
[11.257s] -- Symlinking: /home/utk/dock_ws/install/turtlebot3_gazebo/share/turtlebot3_gazebo//worlds/my_world.world
[11.262s] -- Symlinking: /home/utk/dock_ws/install/turtlebot3_gazebo/share/turtlebot3_gazebo//worlds/turtlebot3_dqn_stage1.world
[11.267s] -- Symlinking: /home/utk/dock_ws/install/turtlebot3_gazebo/share/turtlebot3_gazebo//worlds/turtlebot3_dqn_stage2.world
[11.273s] -- Symlinking: /home/utk/dock_ws/install/turtlebot3_gazebo/share/turtlebot3_gazebo//worlds/turtlebot3_dqn_stage3.world
[11.278s] -- Symlinking: /home/utk/dock_ws/install/turtlebot3_gazebo/share/turtlebot3_gazebo//worlds/turtlebot3_dqn_stage4.world
[11.283s] -- Symlinking: /home/utk/dock_ws/install/turtlebot3_gazebo/share/turtlebot3_gazebo//worlds/turtlebot3_house.world
[11.289s] -- Symlinking: /home/utk/dock_ws/install/turtlebot3_gazebo/share/turtlebot3_gazebo//worlds/turtlebot3_world.world
[11.294s] -- Symlinking: /home/utk/dock_ws/install/turtlebot3_gazebo/include//turtlebot3_gazebo/turtlebot3_drive.hpp
[11.300s] -- Symlinking: /home/utk/dock_ws/install/turtlebot3_gazebo/share/ament_index/resource_index/package_run_dependencies/turtlebot3_gazebo
[11.307s] -- Symlinking: /home/utk/dock_ws/install/turtlebot3_gazebo/share/ament_index/resource_index/parent_prefix_path/turtlebot3_gazebo
[11.313s] -- Symlinking: /home/utk/dock_ws/install/turtlebot3_gazebo/share/turtlebot3_gazebo/environment/ament_prefix_path.sh
[11.321s] -- Symlinking: /home/utk/dock_ws/install/turtlebot3_gazebo/share/turtlebot3_gazebo/environment/ament_prefix_path.dsv
[11.327s] -- Symlinking: /home/utk/dock_ws/install/turtlebot3_gazebo/share/turtlebot3_gazebo/environment/path.sh
[11.334s] -- Symlinking: /home/utk/dock_ws/install/turtlebot3_gazebo/share/turtlebot3_gazebo/environment/path.dsv
[11.341s] -- Symlinking: /home/utk/dock_ws/install/turtlebot3_gazebo/share/turtlebot3_gazebo/local_setup.bash
[11.350s] -- Symlinking: /home/utk/dock_ws/install/turtlebot3_gazebo/share/turtlebot3_gazebo/local_setup.sh
[11.357s] -- Symlinking: /home/utk/dock_ws/install/turtlebot3_gazebo/share/turtlebot3_gazebo/local_setup.zsh
[11.366s] -- Symlinking: /home/utk/dock_ws/install/turtlebot3_gazebo/share/turtlebot3_gazebo/local_setup.dsv
[11.375s] -- Symlinking: /home/utk/dock_ws/install/turtlebot3_gazebo/share/turtlebot3_gazebo/package.dsv
[11.381s] -- Symlinking: /home/utk/dock_ws/install/turtlebot3_gazebo/share/ament_index/resource_index/packages/turtlebot3_gazebo
[11.393s] -- Symlinking: /home/utk/dock_ws/install/turtlebot3_gazebo/share/turtlebot3_gazebo/cmake/ament_cmake_export_include_directories-extras.cmake
[11.404s] -- Symlinking: /home/utk/dock_ws/install/turtlebot3_gazebo/share/turtlebot3_gazebo/cmake/ament_cmake_export_dependencies-extras.cmake
[11.413s] -- Symlinking: /home/utk/dock_ws/install/turtlebot3_gazebo/share/turtlebot3_gazebo/cmake/turtlebot3_gazeboConfig.cmake
[11.420s] -- Symlinking: /home/utk/dock_ws/install/turtlebot3_gazebo/share/turtlebot3_gazebo/cmake/turtlebot3_gazeboConfig-version.cmake
[11.426s] -- Symlinking: /home/utk/dock_ws/install/turtlebot3_gazebo/share/turtlebot3_gazebo/package.xml
[11.436s] Invoked command in '/home/utk/dock_ws/build/turtlebot3_gazebo' returned '0': CMAKE_PREFIX_PATH=${CMAKE_PREFIX_PATH}:/home/utk/dock_ws/install/bot_script:/home/utk/docking_ws/install/bot_navigation:/home/utk/colcon_ws/install/ur5_control:/home/utk/ros2_ws/install/rover_logic:/home/utk/ros2_ws/install/prius_logic:/home/utk/ros2_ws/install/prius_line_following:/home/utk/ros2_ws/install/opencv_py:/home/utk/ros2_ws/install/nav2_py:/home/utk/ros2_ws/install/my_turtle_project:/home/utk/ros2_ws/install/my_turtle_bot:/home/utk/ros2_ws/install/my_py_pkg:/home/utk/ros2_ws/install/actions_py_pkg:/home/utk/ros2_ws/install/lifecycle_py:/home/utk/ros2_ws/install/executors_py:/home/utk/ros2_ws/install/components_py:/home/utk/bumperbot_ws/install/bumperbot_vision:/home/utk/bumperbot_ws/install/bumperbot_utils:/home/utk/bumperbot_ws/install/bumperbot_py_examples:/home/utk/bumperbot_ws/install/bumperbot_py:/home/utk/arduinobot_ws/install/arduinobot_py_examples:/home/utk/arduinobot_ws/install/arduinobot_py:/opt/ros/humble /usr/bin/cmake --install /home/utk/dock_ws/build/turtlebot3_gazebo
