[0.074s] DEBUG:colcon:Command line arguments: ['/usr/bin/colcon', 'build', '--symlink-install']
[0.074s] DEBUG:colcon:Parsed command line arguments: Namespace(log_base=None, log_level=None, verb_name='build', build_base='build', install_base='install', merge_install=False, symlink_install=True, test_result_base=None, continue_on_error=False, executor='parallel', parallel_workers=16, event_handlers=None, ignore_user_meta=False, metas=['./colcon.meta'], base_paths=['.'], packages_ignore=None, packages_ignore_regex=None, paths=None, packages_up_to=None, packages_up_to_regex=None, packages_above=None, packages_above_and_dependencies=None, packages_above_depth=None, packages_select_by_dep=None, packages_skip_by_dep=None, packages_skip_up_to=None, packages_select_build_failed=False, packages_skip_build_finished=False, packages_select_test_failures=False, packages_skip_test_passed=False, packages_select=None, packages_skip=None, packages_select_regex=None, packages_skip_regex=None, packages_start=None, packages_end=None, allow_overriding=[], cmake_args=None, cmake_target=None, cmake_target_skip_unavailable=False, cmake_clean_cache=False, cmake_clean_first=False, cmake_force_configure=False, ament_cmake_args=None, catkin_cmake_args=None, catkin_skip_building_tests=False, verb_parser=<colcon_defaults.argument_parser.defaults.DefaultArgumentsDecorator object at 0x7b7c33af35b0>, verb_extension=<colcon_core.verb.build.BuildVerb object at 0x7b7c33af30a0>, main=<bound method BuildVerb.main of <colcon_core.verb.build.BuildVerb object at 0x7b7c33af30a0>>)
[0.198s] Level 1:colcon.colcon_core.package_discovery:discover_packages(colcon_meta) check parameters
[0.198s] Level 1:colcon.colcon_core.package_discovery:discover_packages(recursive) check parameters
[0.198s] Level 1:colcon.colcon_core.package_discovery:discover_packages(ignore) check parameters
[0.198s] Level 1:colcon.colcon_core.package_discovery:discover_packages(path) check parameters
[0.198s] Level 1:colcon.colcon_core.package_discovery:discover_packages(colcon_meta) discover
[0.198s] Level 1:colcon.colcon_core.package_discovery:discover_packages(recursive) discover
[0.198s] INFO:colcon.colcon_core.package_discovery:Crawling recursively for packages in '/home/utk/dock_ws'
[0.198s] Level 1:colcon.colcon_core.package_identification:_identify(.) by extensions ['ignore', 'ignore_ament_install']
[0.198s] Level 1:colcon.colcon_core.package_identification:_identify(.) by extension 'ignore'
[0.198s] Level 1:colcon.colcon_core.package_identification:_identify(.) by extension 'ignore_ament_install'
[0.198s] Level 1:colcon.colcon_core.package_identification:_identify(.) by extensions ['colcon_pkg']
[0.198s] Level 1:colcon.colcon_core.package_identification:_identify(.) by extension 'colcon_pkg'
[0.198s] Level 1:colcon.colcon_core.package_identification:_identify(.) by extensions ['colcon_meta']
[0.198s] Level 1:colcon.colcon_core.package_identification:_identify(.) by extension 'colcon_meta'
[0.198s] Level 1:colcon.colcon_core.package_identification:_identify(.) by extensions ['ros']
[0.198s] Level 1:colcon.colcon_core.package_identification:_identify(.) by extension 'ros'
[0.219s] Level 1:colcon.colcon_core.package_identification:_identify(.) by extensions ['cmake', 'python']
[0.219s] Level 1:colcon.colcon_core.package_identification:_identify(.) by extension 'cmake'
[0.219s] Level 1:colcon.colcon_core.package_identification:_identify(.) by extension 'python'
[0.219s] Level 1:colcon.colcon_core.package_identification:_identify(.) by extensions ['python_setup_py']
[0.219s] Level 1:colcon.colcon_core.package_identification:_identify(.) by extension 'python_setup_py'
[0.219s] Level 1:colcon.colcon_core.package_identification:_identify(build) by extensions ['ignore', 'ignore_ament_install']
[0.219s] Level 1:colcon.colcon_core.package_identification:_identify(build) by extension 'ignore'
[0.219s] Level 1:colcon.colcon_core.package_identification:_identify(build) ignored
[0.220s] Level 1:colcon.colcon_core.package_identification:_identify(install) by extensions ['ignore', 'ignore_ament_install']
[0.220s] Level 1:colcon.colcon_core.package_identification:_identify(install) by extension 'ignore'
[0.220s] Level 1:colcon.colcon_core.package_identification:_identify(install) ignored
[0.220s] Level 1:colcon.colcon_core.package_identification:_identify(log) by extensions ['ignore', 'ignore_ament_install']
[0.220s] Level 1:colcon.colcon_core.package_identification:_identify(log) by extension 'ignore'
[0.220s] Level 1:colcon.colcon_core.package_identification:_identify(log) ignored
[0.220s] Level 1:colcon.colcon_core.package_identification:_identify(src) by extensions ['ignore', 'ignore_ament_install']
[0.220s] Level 1:colcon.colcon_core.package_identification:_identify(src) by extension 'ignore'
[0.220s] Level 1:colcon.colcon_core.package_identification:_identify(src) by extension 'ignore_ament_install'
[0.220s] Level 1:colcon.colcon_core.package_identification:_identify(src) by extensions ['colcon_pkg']
[0.220s] Level 1:colcon.colcon_core.package_identification:_identify(src) by extension 'colcon_pkg'
[0.220s] Level 1:colcon.colcon_core.package_identification:_identify(src) by extensions ['colcon_meta']
[0.220s] Level 1:colcon.colcon_core.package_identification:_identify(src) by extension 'colcon_meta'
[0.220s] Level 1:colcon.colcon_core.package_identification:_identify(src) by extensions ['ros']
[0.220s] Level 1:colcon.colcon_core.package_identification:_identify(src) by extension 'ros'
[0.220s] Level 1:colcon.colcon_core.package_identification:_identify(src) by extensions ['cmake', 'python']
[0.220s] Level 1:colcon.colcon_core.package_identification:_identify(src) by extension 'cmake'
[0.220s] Level 1:colcon.colcon_core.package_identification:_identify(src) by extension 'python'
[0.220s] Level 1:colcon.colcon_core.package_identification:_identify(src) by extensions ['python_setup_py']
[0.220s] Level 1:colcon.colcon_core.package_identification:_identify(src) by extension 'python_setup_py'
[0.220s] Level 1:colcon.colcon_core.package_identification:_identify(src/bot_bringup) by extensions ['ignore', 'ignore_ament_install']
[0.220s] Level 1:colcon.colcon_core.package_identification:_identify(src/bot_bringup) by extension 'ignore'
[0.220s] Level 1:colcon.colcon_core.package_identification:_identify(src/bot_bringup) by extension 'ignore_ament_install'
[0.220s] Level 1:colcon.colcon_core.package_identification:_identify(src/bot_bringup) by extensions ['colcon_pkg']
[0.220s] Level 1:colcon.colcon_core.package_identification:_identify(src/bot_bringup) by extension 'colcon_pkg'
[0.220s] Level 1:colcon.colcon_core.package_identification:_identify(src/bot_bringup) by extensions ['colcon_meta']
[0.220s] Level 1:colcon.colcon_core.package_identification:_identify(src/bot_bringup) by extension 'colcon_meta'
[0.220s] Level 1:colcon.colcon_core.package_identification:_identify(src/bot_bringup) by extensions ['ros']
[0.220s] Level 1:colcon.colcon_core.package_identification:_identify(src/bot_bringup) by extension 'ros'
[0.222s] DEBUG:colcon.colcon_core.package_identification:Package 'src/bot_bringup' with type 'ros.ament_cmake' and name 'bot_bringup'
[0.222s] Level 1:colcon.colcon_core.package_identification:_identify(src/bot_description) by extensions ['ignore', 'ignore_ament_install']
[0.222s] Level 1:colcon.colcon_core.package_identification:_identify(src/bot_description) by extension 'ignore'
[0.222s] Level 1:colcon.colcon_core.package_identification:_identify(src/bot_description) by extension 'ignore_ament_install'
[0.222s] Level 1:colcon.colcon_core.package_identification:_identify(src/bot_description) by extensions ['colcon_pkg']
[0.222s] Level 1:colcon.colcon_core.package_identification:_identify(src/bot_description) by extension 'colcon_pkg'
[0.222s] Level 1:colcon.colcon_core.package_identification:_identify(src/bot_description) by extensions ['colcon_meta']
[0.222s] Level 1:colcon.colcon_core.package_identification:_identify(src/bot_description) by extension 'colcon_meta'
[0.222s] Level 1:colcon.colcon_core.package_identification:_identify(src/bot_description) by extensions ['ros']
[0.222s] Level 1:colcon.colcon_core.package_identification:_identify(src/bot_description) by extension 'ros'
[0.223s] DEBUG:colcon.colcon_core.package_identification:Package 'src/bot_description' with type 'ros.ament_cmake' and name 'bot_description'
[0.223s] Level 1:colcon.colcon_core.package_identification:_identify(src/bot_script) by extensions ['ignore', 'ignore_ament_install']
[0.223s] Level 1:colcon.colcon_core.package_identification:_identify(src/bot_script) by extension 'ignore'
[0.223s] Level 1:colcon.colcon_core.package_identification:_identify(src/bot_script) by extension 'ignore_ament_install'
[0.223s] Level 1:colcon.colcon_core.package_identification:_identify(src/bot_script) by extensions ['colcon_pkg']
[0.223s] Level 1:colcon.colcon_core.package_identification:_identify(src/bot_script) by extension 'colcon_pkg'
[0.223s] Level 1:colcon.colcon_core.package_identification:_identify(src/bot_script) by extensions ['colcon_meta']
[0.223s] Level 1:colcon.colcon_core.package_identification:_identify(src/bot_script) by extension 'colcon_meta'
[0.223s] Level 1:colcon.colcon_core.package_identification:_identify(src/bot_script) by extensions ['ros']
[0.223s] Level 1:colcon.colcon_core.package_identification:_identify(src/bot_script) by extension 'ros'
[0.224s] DEBUG:colcon.colcon_core.package_identification:Package 'src/bot_script' with type 'ros.ament_python' and name 'bot_script'
[0.224s] Level 1:colcon.colcon_core.package_discovery:discover_packages(recursive) using defaults
[0.224s] Level 1:colcon.colcon_core.package_discovery:discover_packages(ignore) discover
[0.224s] Level 1:colcon.colcon_core.package_discovery:discover_packages(ignore) using defaults
[0.224s] Level 1:colcon.colcon_core.package_discovery:discover_packages(path) discover
[0.224s] Level 1:colcon.colcon_core.package_discovery:discover_packages(path) using defaults
[0.239s] Level 1:colcon.colcon_core.package_discovery:discover_packages(prefix_path) check parameters
[0.239s] Level 1:colcon.colcon_core.package_discovery:discover_packages(prefix_path) discover
[0.240s] WARNING:colcon.colcon_ros.prefix_path.ament:The path '/home/utk/dock_ws/install/bot_description' in the environment variable AMENT_PREFIX_PATH doesn't exist
[0.241s] WARNING:colcon.colcon_ros.prefix_path.catkin:The path '/home/utk/dock_ws/install/bot_description' in the environment variable CMAKE_PREFIX_PATH doesn't exist
[0.241s] DEBUG:colcon.colcon_installed_package_information.package_discovery:Found 2 installed packages in /home/utk/dock_ws/install
[0.242s] DEBUG:colcon.colcon_installed_package_information.package_discovery:Found 5 installed packages in /home/utk/docking_ws/install
[0.242s] DEBUG:colcon.colcon_installed_package_information.package_discovery:Found 3 installed packages in /home/utk/turtlebot3_ws/install
[0.242s] DEBUG:colcon.colcon_installed_package_information.package_discovery:Found 10 installed packages in /home/utk/colcon_ws/install
[0.243s] DEBUG:colcon.colcon_installed_package_information.package_discovery:Found 20 installed packages in /home/utk/ros2_ws/install
[0.243s] DEBUG:colcon.colcon_installed_package_information.package_discovery:Found 11 installed packages in /home/utk/bumperbot_ws/install
[0.244s] DEBUG:colcon.colcon_installed_package_information.package_discovery:Found 12 installed packages in /home/utk/arduinobot_ws/install
[0.245s] DEBUG:colcon.colcon_installed_package_information.package_discovery:Found 506 installed packages in /opt/ros/humble
[0.247s] Level 1:colcon.colcon_core.package_discovery:discover_packages(prefix_path) using defaults
[0.283s] Level 5:colcon.colcon_core.verb:set package 'bot_bringup' build argument 'cmake_args' from command line to 'None'
[0.283s] Level 5:colcon.colcon_core.verb:set package 'bot_bringup' build argument 'cmake_target' from command line to 'None'
[0.283s] Level 5:colcon.colcon_core.verb:set package 'bot_bringup' build argument 'cmake_target_skip_unavailable' from command line to 'False'
[0.283s] Level 5:colcon.colcon_core.verb:set package 'bot_bringup' build argument 'cmake_clean_cache' from command line to 'False'
[0.283s] Level 5:colcon.colcon_core.verb:set package 'bot_bringup' build argument 'cmake_clean_first' from command line to 'False'
[0.283s] Level 5:colcon.colcon_core.verb:set package 'bot_bringup' build argument 'cmake_force_configure' from command line to 'False'
[0.283s] Level 5:colcon.colcon_core.verb:set package 'bot_bringup' build argument 'ament_cmake_args' from command line to 'None'
[0.283s] Level 5:colcon.colcon_core.verb:set package 'bot_bringup' build argument 'catkin_cmake_args' from command line to 'None'
[0.283s] Level 5:colcon.colcon_core.verb:set package 'bot_bringup' build argument 'catkin_skip_building_tests' from command line to 'False'
[0.283s] DEBUG:colcon.colcon_core.verb:Building package 'bot_bringup' with the following arguments: {'ament_cmake_args': None, 'build_base': '/home/utk/dock_ws/build/bot_bringup', 'catkin_cmake_args': None, 'catkin_skip_building_tests': False, 'cmake_args': None, 'cmake_clean_cache': False, 'cmake_clean_first': False, 'cmake_force_configure': False, 'cmake_target': None, 'cmake_target_skip_unavailable': False, 'install_base': '/home/utk/dock_ws/install/bot_bringup', 'merge_install': False, 'path': '/home/utk/dock_ws/src/bot_bringup', 'symlink_install': True, 'test_result_base': None}
[0.283s] Level 5:colcon.colcon_core.verb:set package 'bot_description' build argument 'cmake_args' from command line to 'None'
[0.283s] Level 5:colcon.colcon_core.verb:set package 'bot_description' build argument 'cmake_target' from command line to 'None'
[0.283s] Level 5:colcon.colcon_core.verb:set package 'bot_description' build argument 'cmake_target_skip_unavailable' from command line to 'False'
[0.283s] Level 5:colcon.colcon_core.verb:set package 'bot_description' build argument 'cmake_clean_cache' from command line to 'False'
[0.283s] Level 5:colcon.colcon_core.verb:set package 'bot_description' build argument 'cmake_clean_first' from command line to 'False'
[0.283s] Level 5:colcon.colcon_core.verb:set package 'bot_description' build argument 'cmake_force_configure' from command line to 'False'
[0.283s] Level 5:colcon.colcon_core.verb:set package 'bot_description' build argument 'ament_cmake_args' from command line to 'None'
[0.283s] Level 5:colcon.colcon_core.verb:set package 'bot_description' build argument 'catkin_cmake_args' from command line to 'None'
[0.283s] Level 5:colcon.colcon_core.verb:set package 'bot_description' build argument 'catkin_skip_building_tests' from command line to 'False'
[0.283s] DEBUG:colcon.colcon_core.verb:Building package 'bot_description' with the following arguments: {'ament_cmake_args': None, 'build_base': '/home/utk/dock_ws/build/bot_description', 'catkin_cmake_args': None, 'catkin_skip_building_tests': False, 'cmake_args': None, 'cmake_clean_cache': False, 'cmake_clean_first': False, 'cmake_force_configure': False, 'cmake_target': None, 'cmake_target_skip_unavailable': False, 'install_base': '/home/utk/dock_ws/install/bot_description', 'merge_install': False, 'path': '/home/utk/dock_ws/src/bot_description', 'symlink_install': True, 'test_result_base': None}
[0.284s] Level 5:colcon.colcon_core.verb:set package 'bot_script' build argument 'cmake_args' from command line to 'None'
[0.284s] Level 5:colcon.colcon_core.verb:set package 'bot_script' build argument 'cmake_target' from command line to 'None'
[0.284s] Level 5:colcon.colcon_core.verb:set package 'bot_script' build argument 'cmake_target_skip_unavailable' from command line to 'False'
[0.284s] Level 5:colcon.colcon_core.verb:set package 'bot_script' build argument 'cmake_clean_cache' from command line to 'False'
[0.284s] Level 5:colcon.colcon_core.verb:set package 'bot_script' build argument 'cmake_clean_first' from command line to 'False'
[0.284s] Level 5:colcon.colcon_core.verb:set package 'bot_script' build argument 'cmake_force_configure' from command line to 'False'
[0.284s] Level 5:colcon.colcon_core.verb:set package 'bot_script' build argument 'ament_cmake_args' from command line to 'None'
[0.284s] Level 5:colcon.colcon_core.verb:set package 'bot_script' build argument 'catkin_cmake_args' from command line to 'None'
[0.284s] Level 5:colcon.colcon_core.verb:set package 'bot_script' build argument 'catkin_skip_building_tests' from command line to 'False'
[0.284s] DEBUG:colcon.colcon_core.verb:Building package 'bot_script' with the following arguments: {'ament_cmake_args': None, 'build_base': '/home/utk/dock_ws/build/bot_script', 'catkin_cmake_args': None, 'catkin_skip_building_tests': False, 'cmake_args': None, 'cmake_clean_cache': False, 'cmake_clean_first': False, 'cmake_force_configure': False, 'cmake_target': None, 'cmake_target_skip_unavailable': False, 'install_base': '/home/utk/dock_ws/install/bot_script', 'merge_install': False, 'path': '/home/utk/dock_ws/src/bot_script', 'symlink_install': True, 'test_result_base': None}
[0.284s] INFO:colcon.colcon_core.executor:Executing jobs using 'parallel' executor
[0.285s] DEBUG:colcon.colcon_parallel_executor.executor.parallel:run_until_complete
[0.285s] INFO:colcon.colcon_ros.task.ament_cmake.build:Building ROS package in '/home/utk/dock_ws/src/bot_bringup' with build type 'ament_cmake'
[0.285s] INFO:colcon.colcon_cmake.task.cmake.build:Building CMake package in '/home/utk/dock_ws/src/bot_bringup'
[0.286s] INFO:colcon.colcon_core.plugin_system:Skipping extension 'colcon_core.shell.bat': Not used on non-Windows systems
[0.286s] INFO:colcon.colcon_core.shell:Skip shell extension 'powershell' for command environment: Not usable outside of PowerShell
[0.286s] DEBUG:colcon.colcon_core.shell:Skip shell extension 'dsv' for command environment
[0.292s] INFO:colcon.colcon_ros.task.ament_cmake.build:Building ROS package in '/home/utk/dock_ws/src/bot_description' with build type 'ament_cmake'
[0.292s] INFO:colcon.colcon_cmake.task.cmake.build:Building CMake package in '/home/utk/dock_ws/src/bot_description'
[0.292s] INFO:colcon.colcon_core.shell:Skip shell extension 'powershell' for command environment: Not usable outside of PowerShell
[0.292s] DEBUG:colcon.colcon_core.shell:Skip shell extension 'dsv' for command environment
[0.297s] INFO:colcon.colcon_ros.task.ament_python.build:Building ROS package in '/home/utk/dock_ws/src/bot_script' with build type 'ament_python'
[0.297s] Level 1:colcon.colcon_core.shell:create_environment_hook('bot_script', 'ament_prefix_path')
[0.297s] INFO:colcon.colcon_core.shell:Creating environment hook '/home/utk/dock_ws/install/bot_script/share/bot_script/hook/ament_prefix_path.ps1'
[0.297s] INFO:colcon.colcon_core.shell:Creating environment descriptor '/home/utk/dock_ws/install/bot_script/share/bot_script/hook/ament_prefix_path.dsv'
[0.298s] INFO:colcon.colcon_core.shell:Creating environment hook '/home/utk/dock_ws/install/bot_script/share/bot_script/hook/ament_prefix_path.sh'
[0.298s] INFO:colcon.colcon_core.shell:Skip shell extension 'powershell' for command environment: Not usable outside of PowerShell
[0.298s] DEBUG:colcon.colcon_core.shell:Skip shell extension 'dsv' for command environment
[0.307s] DEBUG:colcon.colcon_core.event_handler.log_command:Invoking command in '/home/utk/dock_ws/build/bot_bringup': CMAKE_PREFIX_PATH=${CMAKE_PREFIX_PATH}:/home/utk/dock_ws/install/bot_script:/home/utk/docking_ws/install/bot_navigation:/home/utk/colcon_ws/install/ur5_control:/home/utk/ros2_ws/install/rover_logic:/home/utk/ros2_ws/install/prius_logic:/home/utk/ros2_ws/install/prius_line_following:/home/utk/ros2_ws/install/opencv_py:/home/utk/ros2_ws/install/nav2_py:/home/utk/ros2_ws/install/my_turtle_project:/home/utk/ros2_ws/install/my_turtle_bot:/home/utk/ros2_ws/install/my_py_pkg:/home/utk/ros2_ws/install/actions_py_pkg:/home/utk/ros2_ws/install/lifecycle_py:/home/utk/ros2_ws/install/executors_py:/home/utk/ros2_ws/install/components_py:/home/utk/bumperbot_ws/install/bumperbot_vision:/home/utk/bumperbot_ws/install/bumperbot_utils:/home/utk/bumperbot_ws/install/bumperbot_py_examples:/home/utk/bumperbot_ws/install/bumperbot_py:/home/utk/arduinobot_ws/install/arduinobot_py_examples:/home/utk/arduinobot_ws/install/arduinobot_py:/opt/ros/humble /usr/bin/cmake --build /home/utk/dock_ws/build/bot_bringup -- -j16 -l16
[0.309s] DEBUG:colcon.colcon_core.event_handler.log_command:Invoking command in '/home/utk/dock_ws/build/bot_description': CMAKE_PREFIX_PATH=${CMAKE_PREFIX_PATH}:/home/utk/dock_ws/install/bot_script:/home/utk/docking_ws/install/bot_navigation:/home/utk/colcon_ws/install/ur5_control:/home/utk/ros2_ws/install/rover_logic:/home/utk/ros2_ws/install/prius_logic:/home/utk/ros2_ws/install/prius_line_following:/home/utk/ros2_ws/install/opencv_py:/home/utk/ros2_ws/install/nav2_py:/home/utk/ros2_ws/install/my_turtle_project:/home/utk/ros2_ws/install/my_turtle_bot:/home/utk/ros2_ws/install/my_py_pkg:/home/utk/ros2_ws/install/actions_py_pkg:/home/utk/ros2_ws/install/lifecycle_py:/home/utk/ros2_ws/install/executors_py:/home/utk/ros2_ws/install/components_py:/home/utk/bumperbot_ws/install/bumperbot_vision:/home/utk/bumperbot_ws/install/bumperbot_utils:/home/utk/bumperbot_ws/install/bumperbot_py_examples:/home/utk/bumperbot_ws/install/bumperbot_py:/home/utk/arduinobot_ws/install/arduinobot_py_examples:/home/utk/arduinobot_ws/install/arduinobot_py:/opt/ros/humble /usr/bin/cmake /home/utk/dock_ws/src/bot_description -DAMENT_CMAKE_SYMLINK_INSTALL=1 -DCMAKE_INSTALL_PREFIX=/home/utk/dock_ws/install/bot_description
[0.521s] INFO:colcon.colcon_core.task.python.build:Building Python package in '/home/utk/dock_ws/src/bot_script'
[0.521s] INFO:colcon.colcon_core.shell:Skip shell extension 'powershell' for command environment: Not usable outside of PowerShell
[0.521s] DEBUG:colcon.colcon_core.shell:Skip shell extension 'dsv' for command environment
[0.530s] DEBUG:colcon.colcon_core.event_handler.log_command:Invoked command in '/home/utk/dock_ws/build/bot_bringup' returned '0': CMAKE_PREFIX_PATH=${CMAKE_PREFIX_PATH}:/home/utk/dock_ws/install/bot_script:/home/utk/docking_ws/install/bot_navigation:/home/utk/colcon_ws/install/ur5_control:/home/utk/ros2_ws/install/rover_logic:/home/utk/ros2_ws/install/prius_logic:/home/utk/ros2_ws/install/prius_line_following:/home/utk/ros2_ws/install/opencv_py:/home/utk/ros2_ws/install/nav2_py:/home/utk/ros2_ws/install/my_turtle_project:/home/utk/ros2_ws/install/my_turtle_bot:/home/utk/ros2_ws/install/my_py_pkg:/home/utk/ros2_ws/install/actions_py_pkg:/home/utk/ros2_ws/install/lifecycle_py:/home/utk/ros2_ws/install/executors_py:/home/utk/ros2_ws/install/components_py:/home/utk/bumperbot_ws/install/bumperbot_vision:/home/utk/bumperbot_ws/install/bumperbot_utils:/home/utk/bumperbot_ws/install/bumperbot_py_examples:/home/utk/bumperbot_ws/install/bumperbot_py:/home/utk/arduinobot_ws/install/arduinobot_py_examples:/home/utk/arduinobot_ws/install/arduinobot_py:/opt/ros/humble /usr/bin/cmake --build /home/utk/dock_ws/build/bot_bringup -- -j16 -l16
[0.554s] DEBUG:colcon.colcon_core.event_handler.log_command:Invoking command in '/home/utk/dock_ws/build/bot_bringup': CMAKE_PREFIX_PATH=${CMAKE_PREFIX_PATH}:/home/utk/dock_ws/install/bot_script:/home/utk/docking_ws/install/bot_navigation:/home/utk/colcon_ws/install/ur5_control:/home/utk/ros2_ws/install/rover_logic:/home/utk/ros2_ws/install/prius_logic:/home/utk/ros2_ws/install/prius_line_following:/home/utk/ros2_ws/install/opencv_py:/home/utk/ros2_ws/install/nav2_py:/home/utk/ros2_ws/install/my_turtle_project:/home/utk/ros2_ws/install/my_turtle_bot:/home/utk/ros2_ws/install/my_py_pkg:/home/utk/ros2_ws/install/actions_py_pkg:/home/utk/ros2_ws/install/lifecycle_py:/home/utk/ros2_ws/install/executors_py:/home/utk/ros2_ws/install/components_py:/home/utk/bumperbot_ws/install/bumperbot_vision:/home/utk/bumperbot_ws/install/bumperbot_utils:/home/utk/bumperbot_ws/install/bumperbot_py_examples:/home/utk/bumperbot_ws/install/bumperbot_py:/home/utk/arduinobot_ws/install/arduinobot_py_examples:/home/utk/arduinobot_ws/install/arduinobot_py:/opt/ros/humble /usr/bin/cmake --install /home/utk/dock_ws/build/bot_bringup
[0.568s] Level 1:colcon.colcon_core.environment:create_environment_scripts_only(bot_bringup)
[0.569s] DEBUG:colcon.colcon_core.event_handler.log_command:Invoked command in '/home/utk/dock_ws/build/bot_bringup' returned '0': CMAKE_PREFIX_PATH=${CMAKE_PREFIX_PATH}:/home/utk/dock_ws/install/bot_script:/home/utk/docking_ws/install/bot_navigation:/home/utk/colcon_ws/install/ur5_control:/home/utk/ros2_ws/install/rover_logic:/home/utk/ros2_ws/install/prius_logic:/home/utk/ros2_ws/install/prius_line_following:/home/utk/ros2_ws/install/opencv_py:/home/utk/ros2_ws/install/nav2_py:/home/utk/ros2_ws/install/my_turtle_project:/home/utk/ros2_ws/install/my_turtle_bot:/home/utk/ros2_ws/install/my_py_pkg:/home/utk/ros2_ws/install/actions_py_pkg:/home/utk/ros2_ws/install/lifecycle_py:/home/utk/ros2_ws/install/executors_py:/home/utk/ros2_ws/install/components_py:/home/utk/bumperbot_ws/install/bumperbot_vision:/home/utk/bumperbot_ws/install/bumperbot_utils:/home/utk/bumperbot_ws/install/bumperbot_py_examples:/home/utk/bumperbot_ws/install/bumperbot_py:/home/utk/arduinobot_ws/install/arduinobot_py_examples:/home/utk/arduinobot_ws/install/arduinobot_py:/opt/ros/humble /usr/bin/cmake --install /home/utk/dock_ws/build/bot_bringup
[0.571s] Level 1:colcon.colcon_core.environment:checking '/home/utk/dock_ws/install/bot_bringup' for CMake module files
[0.571s] Level 1:colcon.colcon_core.environment:checking '/home/utk/dock_ws/install/bot_bringup' for CMake config files
[0.571s] Level 1:colcon.colcon_core.shell:create_environment_hook('bot_bringup', 'cmake_prefix_path')
[0.571s] INFO:colcon.colcon_core.shell:Creating environment hook '/home/utk/dock_ws/install/bot_bringup/share/bot_bringup/hook/cmake_prefix_path.ps1'
[0.572s] INFO:colcon.colcon_core.shell:Creating environment descriptor '/home/utk/dock_ws/install/bot_bringup/share/bot_bringup/hook/cmake_prefix_path.dsv'
[0.572s] INFO:colcon.colcon_core.shell:Creating environment hook '/home/utk/dock_ws/install/bot_bringup/share/bot_bringup/hook/cmake_prefix_path.sh'
[0.572s] Level 1:colcon.colcon_core.environment:checking '/home/utk/dock_ws/install/bot_bringup/bin'
[0.572s] Level 1:colcon.colcon_core.environment:checking '/home/utk/dock_ws/install/bot_bringup/lib/pkgconfig/bot_bringup.pc'
[0.572s] Level 1:colcon.colcon_core.environment:checking '/home/utk/dock_ws/install/bot_bringup/lib/python3.10/site-packages'
[0.573s] Level 1:colcon.colcon_core.environment:checking '/home/utk/dock_ws/install/bot_bringup/bin'
[0.573s] INFO:colcon.colcon_core.shell:Creating package script '/home/utk/dock_ws/install/bot_bringup/share/bot_bringup/package.ps1'
[0.573s] INFO:colcon.colcon_core.shell:Creating package descriptor '/home/utk/dock_ws/install/bot_bringup/share/bot_bringup/package.dsv'
[0.574s] INFO:colcon.colcon_core.shell:Creating package script '/home/utk/dock_ws/install/bot_bringup/share/bot_bringup/package.sh'
[0.574s] INFO:colcon.colcon_core.shell:Creating package script '/home/utk/dock_ws/install/bot_bringup/share/bot_bringup/package.bash'
[0.574s] INFO:colcon.colcon_core.shell:Creating package script '/home/utk/dock_ws/install/bot_bringup/share/bot_bringup/package.zsh'
[0.575s] Level 1:colcon.colcon_core.environment:create_file_with_runtime_dependencies(/home/utk/dock_ws/install/bot_bringup/share/colcon-core/packages/bot_bringup)
[0.593s] Level 1:colcon.colcon_core.environment:create_environment_scripts_only(bot_bringup)
[0.594s] Level 1:colcon.colcon_core.environment:checking '/home/utk/dock_ws/install/bot_bringup' for CMake module files
[0.594s] Level 1:colcon.colcon_core.environment:checking '/home/utk/dock_ws/install/bot_bringup' for CMake config files
[0.594s] Level 1:colcon.colcon_core.shell:create_environment_hook('bot_bringup', 'cmake_prefix_path')
[0.594s] INFO:colcon.colcon_core.shell:Creating environment hook '/home/utk/dock_ws/install/bot_bringup/share/bot_bringup/hook/cmake_prefix_path.ps1'
[0.594s] INFO:colcon.colcon_core.shell:Creating environment descriptor '/home/utk/dock_ws/install/bot_bringup/share/bot_bringup/hook/cmake_prefix_path.dsv'
[0.595s] INFO:colcon.colcon_core.shell:Creating environment hook '/home/utk/dock_ws/install/bot_bringup/share/bot_bringup/hook/cmake_prefix_path.sh'
[0.595s] Level 1:colcon.colcon_core.environment:checking '/home/utk/dock_ws/install/bot_bringup/bin'
[0.595s] Level 1:colcon.colcon_core.environment:checking '/home/utk/dock_ws/install/bot_bringup/lib/pkgconfig/bot_bringup.pc'
[0.595s] Level 1:colcon.colcon_core.environment:checking '/home/utk/dock_ws/install/bot_bringup/lib/python3.10/site-packages'
[0.595s] Level 1:colcon.colcon_core.environment:checking '/home/utk/dock_ws/install/bot_bringup/bin'
[0.596s] INFO:colcon.colcon_core.shell:Creating package script '/home/utk/dock_ws/install/bot_bringup/share/bot_bringup/package.ps1'
[0.596s] INFO:colcon.colcon_core.shell:Creating package descriptor '/home/utk/dock_ws/install/bot_bringup/share/bot_bringup/package.dsv'
[0.596s] INFO:colcon.colcon_core.shell:Creating package script '/home/utk/dock_ws/install/bot_bringup/share/bot_bringup/package.sh'
[0.596s] INFO:colcon.colcon_core.shell:Creating package script '/home/utk/dock_ws/install/bot_bringup/share/bot_bringup/package.bash'
[0.597s] INFO:colcon.colcon_core.shell:Creating package script '/home/utk/dock_ws/install/bot_bringup/share/bot_bringup/package.zsh'
[0.597s] Level 1:colcon.colcon_core.environment:create_file_with_runtime_dependencies(/home/utk/dock_ws/install/bot_bringup/share/colcon-core/packages/bot_bringup)
[0.802s] DEBUG:colcon.colcon_core.event_handler.log_command:Invoking command in '/home/utk/dock_ws/build/bot_script': PYTHONPATH=/home/utk/dock_ws/build/bot_script/prefix_override:/usr/lib/python3/dist-packages/colcon_core/task/python/colcon_distutils_commands:/home/utk/dock_ws/install/bot_script/lib/python3.10/site-packages:${PYTHONPATH} /usr/bin/python3 -W ignore:setup.py install is deprecated setup.py develop --editable --build-directory /home/utk/dock_ws/build/bot_script/build --no-deps symlink_data
[0.828s] DEBUG:colcon.colcon_core.event_handler.log_command:Invoked command in '/home/utk/dock_ws/build/bot_description' returned '0': CMAKE_PREFIX_PATH=${CMAKE_PREFIX_PATH}:/home/utk/dock_ws/install/bot_script:/home/utk/docking_ws/install/bot_navigation:/home/utk/colcon_ws/install/ur5_control:/home/utk/ros2_ws/install/rover_logic:/home/utk/ros2_ws/install/prius_logic:/home/utk/ros2_ws/install/prius_line_following:/home/utk/ros2_ws/install/opencv_py:/home/utk/ros2_ws/install/nav2_py:/home/utk/ros2_ws/install/my_turtle_project:/home/utk/ros2_ws/install/my_turtle_bot:/home/utk/ros2_ws/install/my_py_pkg:/home/utk/ros2_ws/install/actions_py_pkg:/home/utk/ros2_ws/install/lifecycle_py:/home/utk/ros2_ws/install/executors_py:/home/utk/ros2_ws/install/components_py:/home/utk/bumperbot_ws/install/bumperbot_vision:/home/utk/bumperbot_ws/install/bumperbot_utils:/home/utk/bumperbot_ws/install/bumperbot_py_examples:/home/utk/bumperbot_ws/install/bumperbot_py:/home/utk/arduinobot_ws/install/arduinobot_py_examples:/home/utk/arduinobot_ws/install/arduinobot_py:/opt/ros/humble /usr/bin/cmake /home/utk/dock_ws/src/bot_description -DAMENT_CMAKE_SYMLINK_INSTALL=1 -DCMAKE_INSTALL_PREFIX=/home/utk/dock_ws/install/bot_description
[0.829s] DEBUG:colcon.colcon_core.event_handler.log_command:Invoking command in '/home/utk/dock_ws/build/bot_description': CMAKE_PREFIX_PATH=${CMAKE_PREFIX_PATH}:/home/utk/dock_ws/install/bot_script:/home/utk/docking_ws/install/bot_navigation:/home/utk/colcon_ws/install/ur5_control:/home/utk/ros2_ws/install/rover_logic:/home/utk/ros2_ws/install/prius_logic:/home/utk/ros2_ws/install/prius_line_following:/home/utk/ros2_ws/install/opencv_py:/home/utk/ros2_ws/install/nav2_py:/home/utk/ros2_ws/install/my_turtle_project:/home/utk/ros2_ws/install/my_turtle_bot:/home/utk/ros2_ws/install/my_py_pkg:/home/utk/ros2_ws/install/actions_py_pkg:/home/utk/ros2_ws/install/lifecycle_py:/home/utk/ros2_ws/install/executors_py:/home/utk/ros2_ws/install/components_py:/home/utk/bumperbot_ws/install/bumperbot_vision:/home/utk/bumperbot_ws/install/bumperbot_utils:/home/utk/bumperbot_ws/install/bumperbot_py_examples:/home/utk/bumperbot_ws/install/bumperbot_py:/home/utk/arduinobot_ws/install/arduinobot_py_examples:/home/utk/arduinobot_ws/install/arduinobot_py:/opt/ros/humble /usr/bin/cmake --build /home/utk/dock_ws/build/bot_description -- -j16 -l16
[0.854s] DEBUG:colcon.colcon_core.event_handler.log_command:Invoked command in '/home/utk/dock_ws/build/bot_description' returned '0': CMAKE_PREFIX_PATH=${CMAKE_PREFIX_PATH}:/home/utk/dock_ws/install/bot_script:/home/utk/docking_ws/install/bot_navigation:/home/utk/colcon_ws/install/ur5_control:/home/utk/ros2_ws/install/rover_logic:/home/utk/ros2_ws/install/prius_logic:/home/utk/ros2_ws/install/prius_line_following:/home/utk/ros2_ws/install/opencv_py:/home/utk/ros2_ws/install/nav2_py:/home/utk/ros2_ws/install/my_turtle_project:/home/utk/ros2_ws/install/my_turtle_bot:/home/utk/ros2_ws/install/my_py_pkg:/home/utk/ros2_ws/install/actions_py_pkg:/home/utk/ros2_ws/install/lifecycle_py:/home/utk/ros2_ws/install/executors_py:/home/utk/ros2_ws/install/components_py:/home/utk/bumperbot_ws/install/bumperbot_vision:/home/utk/bumperbot_ws/install/bumperbot_utils:/home/utk/bumperbot_ws/install/bumperbot_py_examples:/home/utk/bumperbot_ws/install/bumperbot_py:/home/utk/arduinobot_ws/install/arduinobot_py_examples:/home/utk/arduinobot_ws/install/arduinobot_py:/opt/ros/humble /usr/bin/cmake --build /home/utk/dock_ws/build/bot_description -- -j16 -l16
[0.873s] DEBUG:colcon.colcon_core.event_handler.log_command:Invoking command in '/home/utk/dock_ws/build/bot_description': CMAKE_PREFIX_PATH=${CMAKE_PREFIX_PATH}:/home/utk/dock_ws/install/bot_script:/home/utk/docking_ws/install/bot_navigation:/home/utk/colcon_ws/install/ur5_control:/home/utk/ros2_ws/install/rover_logic:/home/utk/ros2_ws/install/prius_logic:/home/utk/ros2_ws/install/prius_line_following:/home/utk/ros2_ws/install/opencv_py:/home/utk/ros2_ws/install/nav2_py:/home/utk/ros2_ws/install/my_turtle_project:/home/utk/ros2_ws/install/my_turtle_bot:/home/utk/ros2_ws/install/my_py_pkg:/home/utk/ros2_ws/install/actions_py_pkg:/home/utk/ros2_ws/install/lifecycle_py:/home/utk/ros2_ws/install/executors_py:/home/utk/ros2_ws/install/components_py:/home/utk/bumperbot_ws/install/bumperbot_vision:/home/utk/bumperbot_ws/install/bumperbot_utils:/home/utk/bumperbot_ws/install/bumperbot_py_examples:/home/utk/bumperbot_ws/install/bumperbot_py:/home/utk/arduinobot_ws/install/arduinobot_py_examples:/home/utk/arduinobot_ws/install/arduinobot_py:/opt/ros/humble /usr/bin/cmake --install /home/utk/dock_ws/build/bot_description
[1.082s] Level 1:colcon.colcon_core.environment:create_environment_scripts_only(bot_description)
[1.082s] Level 1:colcon.colcon_core.environment:checking '/home/utk/dock_ws/install/bot_description' for CMake module files
[1.082s] DEBUG:colcon.colcon_core.event_handler.log_command:Invoked command in '/home/utk/dock_ws/build/bot_description' returned '0': CMAKE_PREFIX_PATH=${CMAKE_PREFIX_PATH}:/home/utk/dock_ws/install/bot_script:/home/utk/docking_ws/install/bot_navigation:/home/utk/colcon_ws/install/ur5_control:/home/utk/ros2_ws/install/rover_logic:/home/utk/ros2_ws/install/prius_logic:/home/utk/ros2_ws/install/prius_line_following:/home/utk/ros2_ws/install/opencv_py:/home/utk/ros2_ws/install/nav2_py:/home/utk/ros2_ws/install/my_turtle_project:/home/utk/ros2_ws/install/my_turtle_bot:/home/utk/ros2_ws/install/my_py_pkg:/home/utk/ros2_ws/install/actions_py_pkg:/home/utk/ros2_ws/install/lifecycle_py:/home/utk/ros2_ws/install/executors_py:/home/utk/ros2_ws/install/components_py:/home/utk/bumperbot_ws/install/bumperbot_vision:/home/utk/bumperbot_ws/install/bumperbot_utils:/home/utk/bumperbot_ws/install/bumperbot_py_examples:/home/utk/bumperbot_ws/install/bumperbot_py:/home/utk/arduinobot_ws/install/arduinobot_py_examples:/home/utk/arduinobot_ws/install/arduinobot_py:/opt/ros/humble /usr/bin/cmake --install /home/utk/dock_ws/build/bot_description
[1.082s] Level 1:colcon.colcon_core.environment:checking '/home/utk/dock_ws/install/bot_description' for CMake config files
[1.083s] Level 1:colcon.colcon_core.shell:create_environment_hook('bot_description', 'cmake_prefix_path')
[1.083s] INFO:colcon.colcon_core.shell:Creating environment hook '/home/utk/dock_ws/install/bot_description/share/bot_description/hook/cmake_prefix_path.ps1'
[1.083s] INFO:colcon.colcon_core.shell:Creating environment descriptor '/home/utk/dock_ws/install/bot_description/share/bot_description/hook/cmake_prefix_path.dsv'
[1.083s] INFO:colcon.colcon_core.shell:Creating environment hook '/home/utk/dock_ws/install/bot_description/share/bot_description/hook/cmake_prefix_path.sh'
[1.084s] Level 1:colcon.colcon_core.environment:checking '/home/utk/dock_ws/install/bot_description/bin'
[1.084s] Level 1:colcon.colcon_core.environment:checking '/home/utk/dock_ws/install/bot_description/lib/pkgconfig/bot_description.pc'
[1.084s] Level 1:colcon.colcon_core.environment:checking '/home/utk/dock_ws/install/bot_description/lib/python3.10/site-packages'
[1.084s] Level 1:colcon.colcon_core.environment:checking '/home/utk/dock_ws/install/bot_description/bin'
[1.084s] INFO:colcon.colcon_core.shell:Creating package script '/home/utk/dock_ws/install/bot_description/share/bot_description/package.ps1'
[1.084s] INFO:colcon.colcon_core.shell:Creating package descriptor '/home/utk/dock_ws/install/bot_description/share/bot_description/package.dsv'
[1.084s] INFO:colcon.colcon_core.shell:Creating package script '/home/utk/dock_ws/install/bot_description/share/bot_description/package.sh'
[1.085s] INFO:colcon.colcon_core.shell:Creating package script '/home/utk/dock_ws/install/bot_description/share/bot_description/package.bash'
[1.085s] INFO:colcon.colcon_core.shell:Creating package script '/home/utk/dock_ws/install/bot_description/share/bot_description/package.zsh'
[1.085s] Level 1:colcon.colcon_core.environment:create_file_with_runtime_dependencies(/home/utk/dock_ws/install/bot_description/share/colcon-core/packages/bot_description)
[1.102s] Level 1:colcon.colcon_core.environment:create_environment_scripts_only(bot_description)
[1.103s] Level 1:colcon.colcon_core.environment:checking '/home/utk/dock_ws/install/bot_description' for CMake module files
[1.103s] Level 1:colcon.colcon_core.environment:checking '/home/utk/dock_ws/install/bot_description' for CMake config files
[1.103s] Level 1:colcon.colcon_core.shell:create_environment_hook('bot_description', 'cmake_prefix_path')
[1.103s] INFO:colcon.colcon_core.shell:Creating environment hook '/home/utk/dock_ws/install/bot_description/share/bot_description/hook/cmake_prefix_path.ps1'
[1.104s] INFO:colcon.colcon_core.shell:Creating environment descriptor '/home/utk/dock_ws/install/bot_description/share/bot_description/hook/cmake_prefix_path.dsv'
[1.104s] INFO:colcon.colcon_core.shell:Creating environment hook '/home/utk/dock_ws/install/bot_description/share/bot_description/hook/cmake_prefix_path.sh'
[1.104s] Level 1:colcon.colcon_core.environment:checking '/home/utk/dock_ws/install/bot_description/bin'
[1.104s] Level 1:colcon.colcon_core.environment:checking '/home/utk/dock_ws/install/bot_description/lib/pkgconfig/bot_description.pc'
[1.104s] Level 1:colcon.colcon_core.environment:checking '/home/utk/dock_ws/install/bot_description/lib/python3.10/site-packages'
[1.104s] Level 1:colcon.colcon_core.environment:checking '/home/utk/dock_ws/install/bot_description/bin'
[1.105s] INFO:colcon.colcon_core.shell:Creating package script '/home/utk/dock_ws/install/bot_description/share/bot_description/package.ps1'
[1.105s] INFO:colcon.colcon_core.shell:Creating package descriptor '/home/utk/dock_ws/install/bot_description/share/bot_description/package.dsv'
[1.105s] INFO:colcon.colcon_core.shell:Creating package script '/home/utk/dock_ws/install/bot_description/share/bot_description/package.sh'
[1.105s] INFO:colcon.colcon_core.shell:Creating package script '/home/utk/dock_ws/install/bot_description/share/bot_description/package.bash'
[1.106s] INFO:colcon.colcon_core.shell:Creating package script '/home/utk/dock_ws/install/bot_description/share/bot_description/package.zsh'
[1.106s] Level 1:colcon.colcon_core.environment:create_file_with_runtime_dependencies(/home/utk/dock_ws/install/bot_description/share/colcon-core/packages/bot_description)
[1.164s] Level 1:colcon.colcon_core.shell:create_environment_hook('bot_script', 'pythonpath_develop')
[1.164s] INFO:colcon.colcon_core.shell:Creating environment hook '/home/utk/dock_ws/build/bot_script/share/bot_script/hook/pythonpath_develop.ps1'
[1.164s] DEBUG:colcon.colcon_core.event_handler.log_command:Invoked command in '/home/utk/dock_ws/build/bot_script' returned '0': PYTHONPATH=/home/utk/dock_ws/build/bot_script/prefix_override:/usr/lib/python3/dist-packages/colcon_core/task/python/colcon_distutils_commands:/home/utk/dock_ws/install/bot_script/lib/python3.10/site-packages:${PYTHONPATH} /usr/bin/python3 -W ignore:setup.py install is deprecated setup.py develop --editable --build-directory /home/utk/dock_ws/build/bot_script/build --no-deps symlink_data
[1.165s] INFO:colcon.colcon_core.shell:Creating environment descriptor '/home/utk/dock_ws/build/bot_script/share/bot_script/hook/pythonpath_develop.dsv'
[1.165s] INFO:colcon.colcon_core.shell:Creating environment hook '/home/utk/dock_ws/build/bot_script/share/bot_script/hook/pythonpath_develop.sh'
[1.165s] Level 1:colcon.colcon_core.environment:checking '/home/utk/dock_ws/install/bot_script' for CMake module files
[1.166s] Level 1:colcon.colcon_core.environment:checking '/home/utk/dock_ws/install/bot_script' for CMake config files
[1.166s] Level 1:colcon.colcon_core.environment:checking '/home/utk/dock_ws/install/bot_script/lib'
[1.166s] Level 1:colcon.colcon_core.environment:checking '/home/utk/dock_ws/install/bot_script/bin'
[1.166s] Level 1:colcon.colcon_core.environment:checking '/home/utk/dock_ws/install/bot_script/lib/pkgconfig/bot_script.pc'
[1.166s] Level 1:colcon.colcon_core.environment:checking '/home/utk/dock_ws/install/bot_script/lib/python3.10/site-packages'
[1.166s] Level 1:colcon.colcon_core.shell:create_environment_hook('bot_script', 'pythonpath')
[1.166s] INFO:colcon.colcon_core.shell:Creating environment hook '/home/utk/dock_ws/install/bot_script/share/bot_script/hook/pythonpath.ps1'
[1.167s] INFO:colcon.colcon_core.shell:Creating environment descriptor '/home/utk/dock_ws/install/bot_script/share/bot_script/hook/pythonpath.dsv'
[1.167s] INFO:colcon.colcon_core.shell:Creating environment hook '/home/utk/dock_ws/install/bot_script/share/bot_script/hook/pythonpath.sh'
[1.167s] Level 1:colcon.colcon_core.environment:checking '/home/utk/dock_ws/install/bot_script/bin'
[1.167s] Level 1:colcon.colcon_core.environment:create_environment_scripts_only(bot_script)
[1.167s] INFO:colcon.colcon_core.shell:Creating package script '/home/utk/dock_ws/install/bot_script/share/bot_script/package.ps1'
[1.168s] INFO:colcon.colcon_core.shell:Creating package descriptor '/home/utk/dock_ws/install/bot_script/share/bot_script/package.dsv'
[1.168s] INFO:colcon.colcon_core.shell:Creating package script '/home/utk/dock_ws/install/bot_script/share/bot_script/package.sh'
[1.168s] INFO:colcon.colcon_core.shell:Creating package script '/home/utk/dock_ws/install/bot_script/share/bot_script/package.bash'
[1.168s] INFO:colcon.colcon_core.shell:Creating package script '/home/utk/dock_ws/install/bot_script/share/bot_script/package.zsh'
[1.168s] Level 1:colcon.colcon_core.environment:create_file_with_runtime_dependencies(/home/utk/dock_ws/install/bot_script/share/colcon-core/packages/bot_script)
[1.169s] DEBUG:colcon.colcon_parallel_executor.executor.parallel:closing loop
[1.169s] DEBUG:colcon.colcon_parallel_executor.executor.parallel:loop closed
[1.169s] DEBUG:colcon.colcon_parallel_executor.executor.parallel:run_until_complete finished with '0'
[1.169s] DEBUG:colcon.colcon_core.event_reactor:joining thread
[1.173s] INFO:colcon.colcon_core.plugin_system:Skipping extension 'colcon_notification.desktop_notification.terminal_notifier': Not used on non-Darwin systems
[1.173s] INFO:colcon.colcon_core.plugin_system:Skipping extension 'colcon_notification.desktop_notification.win32': Not used on non-Windows systems
[1.173s] INFO:colcon.colcon_notification.desktop_notification:Sending desktop notification using 'notify2'
[1.181s] DEBUG:colcon.colcon_core.event_reactor:joined thread
[1.181s] INFO:colcon.colcon_core.shell:Creating prefix script '/home/utk/dock_ws/install/local_setup.ps1'
[1.181s] INFO:colcon.colcon_core.shell:Creating prefix util module '/home/utk/dock_ws/install/_local_setup_util_ps1.py'
[1.182s] INFO:colcon.colcon_core.shell:Creating prefix chain script '/home/utk/dock_ws/install/setup.ps1'
[1.184s] INFO:colcon.colcon_core.shell:Creating prefix script '/home/utk/dock_ws/install/local_setup.sh'
[1.185s] INFO:colcon.colcon_core.shell:Creating prefix util module '/home/utk/dock_ws/install/_local_setup_util_sh.py'
[1.185s] INFO:colcon.colcon_core.shell:Creating prefix chain script '/home/utk/dock_ws/install/setup.sh'
[1.187s] INFO:colcon.colcon_core.shell:Creating prefix script '/home/utk/dock_ws/install/local_setup.bash'
[1.187s] INFO:colcon.colcon_core.shell:Creating prefix chain script '/home/utk/dock_ws/install/setup.bash'
[1.188s] INFO:colcon.colcon_core.shell:Creating prefix script '/home/utk/dock_ws/install/local_setup.zsh'
[1.189s] INFO:colcon.colcon_core.shell:Creating prefix chain script '/home/utk/dock_ws/install/setup.zsh'
